{"D:\\repos\\rs-react-app\\src\\App.tsx": {"path":"D:\\repos\\rs-react-app\\src\\App.tsx","all":false,"statementMap":{"0":{"start":{"line":1,"column":0},"end":{"line":1,"column":33}},"1":{"start":{"line":2,"column":0},"end":{"line":2,"column":50}},"2":{"start":{"line":3,"column":0},"end":{"line":3,"column":54}},"3":{"start":{"line":4,"column":0},"end":{"line":4,"column":48}},"4":{"start":{"line":5,"column":0},"end":{"line":5,"column":32}},"6":{"start":{"line":7,"column":0},"end":{"line":7,"column":16}},"7":{"start":{"line":8,"column":0},"end":{"line":8,"column":80}},"8":{"start":{"line":9,"column":0},"end":{"line":9,"column":76}},"10":{"start":{"line":11,"column":0},"end":{"line":11,"column":10}},"11":{"start":{"line":12,"column":0},"end":{"line":12,"column":35}},"12":{"start":{"line":13,"column":0},"end":{"line":13,"column":14}},"13":{"start":{"line":14,"column":0},"end":{"line":14,"column":40}},"14":{"start":{"line":15,"column":0},"end":{"line":15,"column":15}},"16":{"start":{"line":17,"column":0},"end":{"line":17,"column":12}},"17":{"start":{"line":18,"column":0},"end":{"line":18,"column":17}},"18":{"start":{"line":19,"column":0},"end":{"line":19,"column":59}},"19":{"start":{"line":20,"column":0},"end":{"line":20,"column":56}},"20":{"start":{"line":21,"column":0},"end":{"line":21,"column":18}},"22":{"start":{"line":23,"column":0},"end":{"line":23,"column":79}},"23":{"start":{"line":24,"column":0},"end":{"line":24,"column":17}},"24":{"start":{"line":25,"column":0},"end":{"line":25,"column":60}},"25":{"start":{"line":26,"column":0},"end":{"line":26,"column":38}},"26":{"start":{"line":27,"column":0},"end":{"line":27,"column":11}},"28":{"start":{"line":29,"column":0},"end":{"line":29,"column":19}},"29":{"start":{"line":30,"column":0},"end":{"line":30,"column":17}},"30":{"start":{"line":31,"column":0},"end":{"line":31,"column":58}},"31":{"start":{"line":32,"column":0},"end":{"line":32,"column":38}},"32":{"start":{"line":33,"column":0},"end":{"line":33,"column":11}},"34":{"start":{"line":35,"column":0},"end":{"line":35,"column":19}},"35":{"start":{"line":36,"column":0},"end":{"line":36,"column":14}},"37":{"start":{"line":38,"column":0},"end":{"line":38,"column":23}},"39":{"start":{"line":40,"column":0},"end":{"line":40,"column":14}},"40":{"start":{"line":41,"column":0},"end":{"line":41,"column":42}},"41":{"start":{"line":42,"column":0},"end":{"line":42,"column":59}},"43":{"start":{"line":44,"column":0},"end":{"line":44,"column":38}},"44":{"start":{"line":45,"column":0},"end":{"line":45,"column":38}},"45":{"start":{"line":46,"column":0},"end":{"line":46,"column":29}},"46":{"start":{"line":47,"column":0},"end":{"line":47,"column":63}},"47":{"start":{"line":48,"column":0},"end":{"line":48,"column":14}},"48":{"start":{"line":49,"column":0},"end":{"line":49,"column":16}},"49":{"start":{"line":50,"column":0},"end":{"line":50,"column":16}},"51":{"start":{"line":52,"column":0},"end":{"line":52,"column":14}},"52":{"start":{"line":53,"column":0},"end":{"line":53,"column":40}},"53":{"start":{"line":54,"column":0},"end":{"line":54,"column":57}},"55":{"start":{"line":56,"column":0},"end":{"line":56,"column":38}},"56":{"start":{"line":57,"column":0},"end":{"line":57,"column":36}},"57":{"start":{"line":58,"column":0},"end":{"line":58,"column":78}},"58":{"start":{"line":59,"column":0},"end":{"line":59,"column":16}},"59":{"start":{"line":60,"column":0},"end":{"line":60,"column":16}},"60":{"start":{"line":61,"column":0},"end":{"line":61,"column":13}},"61":{"start":{"line":62,"column":0},"end":{"line":62,"column":10}},"63":{"start":{"line":64,"column":0},"end":{"line":64,"column":1}},"65":{"start":{"line":66,"column":0},"end":{"line":66,"column":19}}},"s":{"0":1,"1":1,"2":1,"3":1,"4":1,"6":6,"7":6,"8":6,"10":6,"11":6,"12":6,"13":6,"14":6,"16":6,"17":6,"18":6,"19":6,"20":6,"22":6,"23":6,"24":6,"25":6,"26":6,"28":6,"29":6,"30":6,"31":6,"32":6,"34":6,"35":6,"37":6,"39":6,"40":6,"41":6,"43":6,"44":6,"45":6,"46":6,"47":6,"48":6,"49":6,"51":6,"52":6,"53":6,"55":6,"56":6,"57":6,"58":6,"59":6,"60":6,"61":6,"63":6,"65":1},"branchMap":{"0":{"type":"branch","line":7,"loc":{"start":{"line":7,"column":0},"end":{"line":64,"column":1}},"locations":[{"start":{"line":7,"column":0},"end":{"line":64,"column":1}}]},"1":{"type":"branch","line":25,"loc":{"start":{"line":25,"column":21},"end":{"line":25,"column":60}},"locations":[{"start":{"line":25,"column":21},"end":{"line":25,"column":60}}]},"2":{"type":"branch","line":31,"loc":{"start":{"line":31,"column":21},"end":{"line":31,"column":58}},"locations":[{"start":{"line":31,"column":21},"end":{"line":31,"column":58}}]}},"b":{"0":[6],"1":[1],"2":[1]},"fnMap":{"0":{"name":"App","decl":{"start":{"line":7,"column":0},"end":{"line":64,"column":1}},"loc":{"start":{"line":7,"column":0},"end":{"line":64,"column":1}},"line":7},"1":{"name":"onClick","decl":{"start":{"line":25,"column":21},"end":{"line":25,"column":60}},"loc":{"start":{"line":25,"column":21},"end":{"line":25,"column":60}},"line":25},"2":{"name":"onClick","decl":{"start":{"line":31,"column":21},"end":{"line":31,"column":58}},"loc":{"start":{"line":31,"column":21},"end":{"line":31,"column":58}},"line":31},"3":{"name":"onClose","decl":{"start":{"line":42,"column":19},"end":{"line":42,"column":59}},"loc":{"start":{"line":42,"column":19},"end":{"line":42,"column":59}},"line":42},"4":{"name":"onClose","decl":{"start":{"line":47,"column":23},"end":{"line":47,"column":63}},"loc":{"start":{"line":47,"column":23},"end":{"line":47,"column":63}},"line":47},"5":{"name":"onClose","decl":{"start":{"line":54,"column":19},"end":{"line":54,"column":57}},"loc":{"start":{"line":54,"column":19},"end":{"line":54,"column":57}},"line":54},"6":{"name":"onClose","decl":{"start":{"line":58,"column":37},"end":{"line":58,"column":76}},"loc":{"start":{"line":58,"column":37},"end":{"line":58,"column":76}},"line":58}},"f":{"0":6,"1":1,"2":1,"3":0,"4":0,"5":0,"6":0}}
,"D:\\repos\\rs-react-app\\src\\ControlledForm.tsx": {"path":"D:\\repos\\rs-react-app\\src\\ControlledForm.tsx","all":false,"statementMap":{"0":{"start":{"line":1,"column":0},"end":{"line":1,"column":54}},"1":{"start":{"line":2,"column":0},"end":{"line":2,"column":54}},"2":{"start":{"line":3,"column":0},"end":{"line":3,"column":51}},"3":{"start":{"line":4,"column":0},"end":{"line":4,"column":46}},"4":{"start":{"line":5,"column":0},"end":{"line":5,"column":59}},"5":{"start":{"line":6,"column":0},"end":{"line":6,"column":43}},"6":{"start":{"line":7,"column":0},"end":{"line":7,"column":33}},"7":{"start":{"line":8,"column":0},"end":{"line":8,"column":60}},"13":{"start":{"line":14,"column":0},"end":{"line":14,"column":69}},"14":{"start":{"line":15,"column":0},"end":{"line":15,"column":65}},"15":{"start":{"line":16,"column":0},"end":{"line":16,"column":60}},"16":{"start":{"line":17,"column":0},"end":{"line":17,"column":18}},"17":{"start":{"line":18,"column":0},"end":{"line":18,"column":21}},"18":{"start":{"line":19,"column":0},"end":{"line":19,"column":21}},"19":{"start":{"line":20,"column":0},"end":{"line":20,"column":18}},"20":{"start":{"line":21,"column":0},"end":{"line":21,"column":18}},"21":{"start":{"line":22,"column":0},"end":{"line":22,"column":5}},"23":{"start":{"line":24,"column":0},"end":{"line":24,"column":55}},"24":{"start":{"line":25,"column":0},"end":{"line":25,"column":25}},"25":{"start":{"line":26,"column":0},"end":{"line":26,"column":35}},"26":{"start":{"line":27,"column":0},"end":{"line":27,"column":40}},"27":{"start":{"line":28,"column":0},"end":{"line":28,"column":40}},"28":{"start":{"line":29,"column":0},"end":{"line":29,"column":37}},"29":{"start":{"line":30,"column":0},"end":{"line":30,"column":65}},"30":{"start":{"line":31,"column":0},"end":{"line":31,"column":7}},"31":{"start":{"line":32,"column":0},"end":{"line":32,"column":4}},"33":{"start":{"line":34,"column":0},"end":{"line":34,"column":9}},"34":{"start":{"line":35,"column":0},"end":{"line":35,"column":12}},"35":{"start":{"line":36,"column":0},"end":{"line":36,"column":17}},"36":{"start":{"line":37,"column":0},"end":{"line":37,"column":49}},"37":{"start":{"line":38,"column":0},"end":{"line":38,"column":13}},"38":{"start":{"line":39,"column":0},"end":{"line":39,"column":10}},"39":{"start":{"line":40,"column":0},"end":{"line":40,"column":27}},"40":{"start":{"line":41,"column":0},"end":{"line":41,"column":38}},"41":{"start":{"line":42,"column":0},"end":{"line":42,"column":21}},"42":{"start":{"line":43,"column":0},"end":{"line":43,"column":20}},"43":{"start":{"line":44,"column":0},"end":{"line":44,"column":15}},"44":{"start":{"line":45,"column":0},"end":{"line":45,"column":21}},"45":{"start":{"line":46,"column":0},"end":{"line":46,"column":16}},"46":{"start":{"line":47,"column":0},"end":{"line":47,"column":19}},"47":{"start":{"line":48,"column":0},"end":{"line":48,"column":26}},"48":{"start":{"line":49,"column":0},"end":{"line":49,"column":21}},"49":{"start":{"line":50,"column":0},"end":{"line":50,"column":18}},"50":{"start":{"line":51,"column":0},"end":{"line":51,"column":26}},"51":{"start":{"line":52,"column":0},"end":{"line":52,"column":32}},"52":{"start":{"line":53,"column":0},"end":{"line":53,"column":6}},"53":{"start":{"line":54,"column":0},"end":{"line":54,"column":5}},"55":{"start":{"line":56,"column":0},"end":{"line":56,"column":48}},"56":{"start":{"line":57,"column":0},"end":{"line":57,"column":9}},"57":{"start":{"line":58,"column":0},"end":{"line":58,"column":51}},"59":{"start":{"line":60,"column":0},"end":{"line":60,"column":32}},"60":{"start":{"line":61,"column":0},"end":{"line":61,"column":71}},"61":{"start":{"line":62,"column":0},"end":{"line":62,"column":7}},"63":{"start":{"line":64,"column":0},"end":{"line":64,"column":19}},"64":{"start":{"line":65,"column":0},"end":{"line":65,"column":16}},"65":{"start":{"line":66,"column":0},"end":{"line":66,"column":45}},"66":{"start":{"line":67,"column":0},"end":{"line":67,"column":9}},"68":{"start":{"line":69,"column":0},"end":{"line":69,"column":16}},"69":{"start":{"line":70,"column":0},"end":{"line":70,"column":14}},"70":{"start":{"line":71,"column":0},"end":{"line":71,"column":21}},"71":{"start":{"line":72,"column":0},"end":{"line":72,"column":53}},"72":{"start":{"line":73,"column":0},"end":{"line":73,"column":24}},"73":{"start":{"line":74,"column":0},"end":{"line":74,"column":23}},"74":{"start":{"line":75,"column":0},"end":{"line":75,"column":63}},"75":{"start":{"line":76,"column":0},"end":{"line":76,"column":9}},"76":{"start":{"line":77,"column":0},"end":{"line":77,"column":5}},"77":{"start":{"line":78,"column":0},"end":{"line":78,"column":4}},"79":{"start":{"line":80,"column":0},"end":{"line":80,"column":10}},"80":{"start":{"line":81,"column":0},"end":{"line":81,"column":68}},"81":{"start":{"line":82,"column":0},"end":{"line":82,"column":10}},"82":{"start":{"line":83,"column":0},"end":{"line":83,"column":80}},"84":{"start":{"line":85,"column":0},"end":{"line":85,"column":44}},"85":{"start":{"line":86,"column":0},"end":{"line":86,"column":19}},"86":{"start":{"line":87,"column":0},"end":{"line":87,"column":21}},"87":{"start":{"line":88,"column":0},"end":{"line":88,"column":27}},"88":{"start":{"line":89,"column":0},"end":{"line":89,"column":76}},"89":{"start":{"line":90,"column":0},"end":{"line":90,"column":10}},"90":{"start":{"line":91,"column":0},"end":{"line":91,"column":25}},"91":{"start":{"line":92,"column":0},"end":{"line":92,"column":77}},"93":{"start":{"line":94,"column":0},"end":{"line":94,"column":12}},"94":{"start":{"line":95,"column":0},"end":{"line":95,"column":10}},"95":{"start":{"line":96,"column":0},"end":{"line":96,"column":79}},"97":{"start":{"line":98,"column":0},"end":{"line":98,"column":42}},"98":{"start":{"line":99,"column":0},"end":{"line":99,"column":19}},"99":{"start":{"line":100,"column":0},"end":{"line":100,"column":20}},"100":{"start":{"line":101,"column":0},"end":{"line":101,"column":27}},"101":{"start":{"line":102,"column":0},"end":{"line":102,"column":34}},"102":{"start":{"line":103,"column":0},"end":{"line":103,"column":18}},"103":{"start":{"line":104,"column":0},"end":{"line":104,"column":27}},"104":{"start":{"line":105,"column":0},"end":{"line":105,"column":22}},"105":{"start":{"line":106,"column":0},"end":{"line":106,"column":24}},"106":{"start":{"line":107,"column":0},"end":{"line":107,"column":39}},"107":{"start":{"line":108,"column":0},"end":{"line":108,"column":70}},"108":{"start":{"line":109,"column":0},"end":{"line":109,"column":14}},"110":{"start":{"line":111,"column":0},"end":{"line":111,"column":10}},"111":{"start":{"line":112,"column":0},"end":{"line":112,"column":24}},"112":{"start":{"line":113,"column":0},"end":{"line":113,"column":76}},"114":{"start":{"line":115,"column":0},"end":{"line":115,"column":12}},"115":{"start":{"line":116,"column":0},"end":{"line":116,"column":10}},"116":{"start":{"line":117,"column":0},"end":{"line":117,"column":81}},"118":{"start":{"line":119,"column":0},"end":{"line":119,"column":46}},"119":{"start":{"line":120,"column":0},"end":{"line":120,"column":19}},"120":{"start":{"line":121,"column":0},"end":{"line":121,"column":22}},"121":{"start":{"line":122,"column":0},"end":{"line":122,"column":27}},"122":{"start":{"line":123,"column":0},"end":{"line":123,"column":78}},"123":{"start":{"line":124,"column":0},"end":{"line":124,"column":10}},"124":{"start":{"line":125,"column":0},"end":{"line":125,"column":26}},"125":{"start":{"line":126,"column":0},"end":{"line":126,"column":78}},"127":{"start":{"line":128,"column":0},"end":{"line":128,"column":12}},"128":{"start":{"line":129,"column":0},"end":{"line":129,"column":10}},"129":{"start":{"line":130,"column":0},"end":{"line":130,"column":84}},"131":{"start":{"line":132,"column":0},"end":{"line":132,"column":52}},"132":{"start":{"line":133,"column":0},"end":{"line":133,"column":19}},"133":{"start":{"line":134,"column":0},"end":{"line":134,"column":25}},"134":{"start":{"line":135,"column":0},"end":{"line":135,"column":27}},"135":{"start":{"line":136,"column":0},"end":{"line":136,"column":34}},"136":{"start":{"line":137,"column":0},"end":{"line":137,"column":18}},"137":{"start":{"line":138,"column":0},"end":{"line":138,"column":29}},"138":{"start":{"line":139,"column":0},"end":{"line":139,"column":27}},"139":{"start":{"line":140,"column":0},"end":{"line":140,"column":24}},"140":{"start":{"line":141,"column":0},"end":{"line":141,"column":32}},"141":{"start":{"line":142,"column":0},"end":{"line":142,"column":34}},"142":{"start":{"line":143,"column":0},"end":{"line":143,"column":54}},"143":{"start":{"line":144,"column":0},"end":{"line":144,"column":16}},"144":{"start":{"line":145,"column":0},"end":{"line":145,"column":14}},"146":{"start":{"line":147,"column":0},"end":{"line":147,"column":10}},"148":{"start":{"line":149,"column":0},"end":{"line":149,"column":53}},"149":{"start":{"line":150,"column":0},"end":{"line":150,"column":51}},"150":{"start":{"line":151,"column":0},"end":{"line":151,"column":16}},"151":{"start":{"line":152,"column":0},"end":{"line":152,"column":106}},"152":{"start":{"line":153,"column":0},"end":{"line":153,"column":19}},"153":{"start":{"line":154,"column":0},"end":{"line":154,"column":55}},"155":{"start":{"line":156,"column":0},"end":{"line":156,"column":19}},"156":{"start":{"line":157,"column":0},"end":{"line":157,"column":16}},"157":{"start":{"line":158,"column":0},"end":{"line":158,"column":51}},"158":{"start":{"line":159,"column":0},"end":{"line":159,"column":16}},"159":{"start":{"line":160,"column":0},"end":{"line":160,"column":109}},"160":{"start":{"line":161,"column":0},"end":{"line":161,"column":19}},"161":{"start":{"line":162,"column":0},"end":{"line":162,"column":78}},"162":{"start":{"line":163,"column":0},"end":{"line":163,"column":16}},"163":{"start":{"line":164,"column":0},"end":{"line":164,"column":51}},"164":{"start":{"line":165,"column":0},"end":{"line":165,"column":16}},"165":{"start":{"line":166,"column":0},"end":{"line":166,"column":109}},"166":{"start":{"line":167,"column":0},"end":{"line":167,"column":19}},"167":{"start":{"line":168,"column":0},"end":{"line":168,"column":78}},"168":{"start":{"line":169,"column":0},"end":{"line":169,"column":16}},"169":{"start":{"line":170,"column":0},"end":{"line":170,"column":51}},"170":{"start":{"line":171,"column":0},"end":{"line":171,"column":16}},"171":{"start":{"line":172,"column":0},"end":{"line":172,"column":106}},"172":{"start":{"line":173,"column":0},"end":{"line":173,"column":19}},"173":{"start":{"line":174,"column":0},"end":{"line":174,"column":68}},"174":{"start":{"line":175,"column":0},"end":{"line":175,"column":16}},"175":{"start":{"line":176,"column":0},"end":{"line":176,"column":51}},"176":{"start":{"line":177,"column":0},"end":{"line":177,"column":16}},"177":{"start":{"line":178,"column":0},"end":{"line":178,"column":106}},"178":{"start":{"line":179,"column":0},"end":{"line":179,"column":19}},"179":{"start":{"line":180,"column":0},"end":{"line":180,"column":76}},"180":{"start":{"line":181,"column":0},"end":{"line":181,"column":16}},"181":{"start":{"line":182,"column":0},"end":{"line":182,"column":14}},"183":{"start":{"line":184,"column":0},"end":{"line":184,"column":29}},"184":{"start":{"line":185,"column":0},"end":{"line":185,"column":49}},"185":{"start":{"line":186,"column":0},"end":{"line":186,"column":37}},"186":{"start":{"line":187,"column":0},"end":{"line":187,"column":17}},"188":{"start":{"line":189,"column":0},"end":{"line":189,"column":12}},"189":{"start":{"line":190,"column":0},"end":{"line":190,"column":10}},"190":{"start":{"line":191,"column":0},"end":{"line":191,"column":91}},"192":{"start":{"line":193,"column":0},"end":{"line":193,"column":67}},"193":{"start":{"line":194,"column":0},"end":{"line":194,"column":19}},"194":{"start":{"line":195,"column":0},"end":{"line":195,"column":32}},"195":{"start":{"line":196,"column":0},"end":{"line":196,"column":27}},"196":{"start":{"line":197,"column":0},"end":{"line":197,"column":34}},"197":{"start":{"line":198,"column":0},"end":{"line":198,"column":69}},"199":{"start":{"line":200,"column":0},"end":{"line":200,"column":10}},"200":{"start":{"line":201,"column":0},"end":{"line":201,"column":36}},"201":{"start":{"line":202,"column":0},"end":{"line":202,"column":49}},"202":{"start":{"line":203,"column":0},"end":{"line":203,"column":44}},"203":{"start":{"line":204,"column":0},"end":{"line":204,"column":17}},"205":{"start":{"line":206,"column":0},"end":{"line":206,"column":12}},"206":{"start":{"line":207,"column":0},"end":{"line":207,"column":10}},"207":{"start":{"line":208,"column":0},"end":{"line":208,"column":82}},"209":{"start":{"line":210,"column":0},"end":{"line":210,"column":31}},"210":{"start":{"line":211,"column":0},"end":{"line":211,"column":19}},"211":{"start":{"line":212,"column":0},"end":{"line":212,"column":23}},"212":{"start":{"line":213,"column":0},"end":{"line":213,"column":27}},"213":{"start":{"line":214,"column":0},"end":{"line":214,"column":34}},"214":{"start":{"line":215,"column":0},"end":{"line":215,"column":51}},"215":{"start":{"line":216,"column":0},"end":{"line":216,"column":21}},"216":{"start":{"line":217,"column":0},"end":{"line":217,"column":22}},"217":{"start":{"line":218,"column":0},"end":{"line":218,"column":30}},"218":{"start":{"line":219,"column":0},"end":{"line":219,"column":30}},"219":{"start":{"line":220,"column":0},"end":{"line":220,"column":50}},"220":{"start":{"line":221,"column":0},"end":{"line":221,"column":57}},"221":{"start":{"line":222,"column":0},"end":{"line":222,"column":18}},"223":{"start":{"line":224,"column":0},"end":{"line":224,"column":22}},"224":{"start":{"line":225,"column":0},"end":{"line":225,"column":21}},"225":{"start":{"line":226,"column":0},"end":{"line":226,"column":22}},"226":{"start":{"line":227,"column":0},"end":{"line":227,"column":30}},"227":{"start":{"line":228,"column":0},"end":{"line":228,"column":32}},"228":{"start":{"line":229,"column":0},"end":{"line":229,"column":52}},"229":{"start":{"line":230,"column":0},"end":{"line":230,"column":59}},"230":{"start":{"line":231,"column":0},"end":{"line":231,"column":18}},"232":{"start":{"line":233,"column":0},"end":{"line":233,"column":22}},"233":{"start":{"line":234,"column":0},"end":{"line":234,"column":18}},"235":{"start":{"line":236,"column":0},"end":{"line":236,"column":10}},"236":{"start":{"line":237,"column":0},"end":{"line":237,"column":27}},"237":{"start":{"line":238,"column":0},"end":{"line":238,"column":79}},"239":{"start":{"line":240,"column":0},"end":{"line":240,"column":12}},"241":{"start":{"line":242,"column":0},"end":{"line":242,"column":10}},"242":{"start":{"line":243,"column":0},"end":{"line":243,"column":83}},"244":{"start":{"line":245,"column":0},"end":{"line":245,"column":50}},"245":{"start":{"line":246,"column":0},"end":{"line":246,"column":19}},"246":{"start":{"line":247,"column":0},"end":{"line":247,"column":24}},"247":{"start":{"line":248,"column":0},"end":{"line":248,"column":27}},"248":{"start":{"line":249,"column":0},"end":{"line":249,"column":34}},"249":{"start":{"line":250,"column":0},"end":{"line":250,"column":32}},"250":{"start":{"line":251,"column":0},"end":{"line":251,"column":33}},"251":{"start":{"line":252,"column":0},"end":{"line":252,"column":39}},"252":{"start":{"line":253,"column":0},"end":{"line":253,"column":14}},"254":{"start":{"line":255,"column":0},"end":{"line":255,"column":10}},"255":{"start":{"line":256,"column":0},"end":{"line":256,"column":28}},"256":{"start":{"line":257,"column":0},"end":{"line":257,"column":80}},"258":{"start":{"line":259,"column":0},"end":{"line":259,"column":12}},"259":{"start":{"line":260,"column":0},"end":{"line":260,"column":10}},"260":{"start":{"line":261,"column":0},"end":{"line":261,"column":90}},"262":{"start":{"line":263,"column":0},"end":{"line":263,"column":63}},"263":{"start":{"line":264,"column":0},"end":{"line":264,"column":19}},"264":{"start":{"line":265,"column":0},"end":{"line":265,"column":31}},"265":{"start":{"line":266,"column":0},"end":{"line":266,"column":27}},"266":{"start":{"line":267,"column":0},"end":{"line":267,"column":34}},"267":{"start":{"line":268,"column":0},"end":{"line":268,"column":18}},"268":{"start":{"line":269,"column":0},"end":{"line":269,"column":25}},"269":{"start":{"line":270,"column":0},"end":{"line":270,"column":33}},"270":{"start":{"line":271,"column":0},"end":{"line":271,"column":53}},"271":{"start":{"line":272,"column":0},"end":{"line":272,"column":32}},"272":{"start":{"line":273,"column":0},"end":{"line":273,"column":62}},"273":{"start":{"line":274,"column":0},"end":{"line":274,"column":37}},"274":{"start":{"line":275,"column":0},"end":{"line":275,"column":16}},"275":{"start":{"line":276,"column":0},"end":{"line":276,"column":14}},"277":{"start":{"line":278,"column":0},"end":{"line":278,"column":10}},"278":{"start":{"line":279,"column":0},"end":{"line":279,"column":35}},"279":{"start":{"line":280,"column":0},"end":{"line":280,"column":49}},"280":{"start":{"line":281,"column":0},"end":{"line":281,"column":43}},"281":{"start":{"line":282,"column":0},"end":{"line":282,"column":17}},"283":{"start":{"line":284,"column":0},"end":{"line":284,"column":12}},"284":{"start":{"line":285,"column":0},"end":{"line":285,"column":10}},"285":{"start":{"line":286,"column":0},"end":{"line":286,"column":88}},"287":{"start":{"line":288,"column":0},"end":{"line":288,"column":19}},"288":{"start":{"line":289,"column":0},"end":{"line":289,"column":29}},"289":{"start":{"line":290,"column":0},"end":{"line":290,"column":27}},"290":{"start":{"line":291,"column":0},"end":{"line":291,"column":34}},"291":{"start":{"line":292,"column":0},"end":{"line":292,"column":56}},"292":{"start":{"line":293,"column":0},"end":{"line":293,"column":20}},"293":{"start":{"line":294,"column":0},"end":{"line":294,"column":31}},"294":{"start":{"line":295,"column":0},"end":{"line":295,"column":37}},"295":{"start":{"line":296,"column":0},"end":{"line":296,"column":66}},"296":{"start":{"line":297,"column":0},"end":{"line":297,"column":16}},"298":{"start":{"line":299,"column":0},"end":{"line":299,"column":20}},"300":{"start":{"line":301,"column":0},"end":{"line":301,"column":10}},"301":{"start":{"line":302,"column":0},"end":{"line":302,"column":33}},"302":{"start":{"line":303,"column":0},"end":{"line":303,"column":49}},"303":{"start":{"line":304,"column":0},"end":{"line":304,"column":41}},"304":{"start":{"line":305,"column":0},"end":{"line":305,"column":17}},"306":{"start":{"line":307,"column":0},"end":{"line":307,"column":12}},"307":{"start":{"line":308,"column":0},"end":{"line":308,"column":23}},"308":{"start":{"line":309,"column":0},"end":{"line":309,"column":73}},"310":{"start":{"line":311,"column":0},"end":{"line":311,"column":46}},"311":{"start":{"line":312,"column":0},"end":{"line":312,"column":15}},"312":{"start":{"line":313,"column":0},"end":{"line":313,"column":23}},"313":{"start":{"line":314,"column":0},"end":{"line":314,"column":27}},"314":{"start":{"line":315,"column":0},"end":{"line":315,"column":45}},"315":{"start":{"line":316,"column":0},"end":{"line":316,"column":9}},"317":{"start":{"line":318,"column":0},"end":{"line":318,"column":17}},"318":{"start":{"line":319,"column":0},"end":{"line":319,"column":15}},"319":{"start":{"line":320,"column":0},"end":{"line":320,"column":23}},"320":{"start":{"line":321,"column":0},"end":{"line":321,"column":45}},"321":{"start":{"line":322,"column":0},"end":{"line":322,"column":45}},"323":{"start":{"line":324,"column":0},"end":{"line":324,"column":53}},"324":{"start":{"line":325,"column":0},"end":{"line":325,"column":17}},"325":{"start":{"line":326,"column":0},"end":{"line":326,"column":12}},"326":{"start":{"line":327,"column":0},"end":{"line":327,"column":11}},"328":{"start":{"line":329,"column":0},"end":{"line":329,"column":2}}},"s":{"0":1,"1":1,"2":1,"3":1,"4":1,"5":1,"6":1,"7":1,"13":1,"14":15,"15":15,"16":15,"17":15,"18":15,"19":15,"20":15,"21":15,"23":15,"24":2,"25":2,"26":2,"27":2,"28":2,"29":2,"30":2,"31":2,"33":15,"34":15,"35":15,"36":15,"37":15,"38":15,"39":15,"40":15,"41":15,"42":15,"43":15,"44":15,"45":15,"46":15,"47":15,"48":15,"49":15,"50":15,"51":15,"52":15,"53":15,"55":15,"56":1,"57":1,"59":1,"60":0,"61":0,"63":1,"64":1,"65":1,"66":1,"68":1,"69":1,"70":1,"71":1,"72":1,"73":1,"74":1,"75":1,"76":1,"77":1,"79":15,"80":15,"81":15,"82":15,"84":15,"85":15,"86":15,"87":15,"88":15,"89":15,"90":15,"91":1,"93":15,"94":15,"95":15,"97":15,"98":15,"99":15,"100":15,"101":15,"102":16,"103":16,"104":16,"105":16,"106":16,"107":16,"108":16,"110":15,"111":15,"112":0,"114":15,"115":15,"116":15,"118":15,"119":15,"120":15,"121":15,"122":15,"123":15,"124":15,"125":0,"127":15,"128":15,"129":15,"131":15,"132":15,"133":15,"134":15,"135":15,"136":15,"137":15,"138":15,"139":15,"140":15,"141":2,"142":2,"143":2,"144":15,"146":15,"148":15,"149":15,"150":15,"151":15,"152":15,"153":15,"155":15,"156":15,"157":15,"158":15,"159":15,"160":15,"161":15,"162":15,"163":15,"164":15,"165":15,"166":15,"167":15,"168":15,"169":15,"170":15,"171":15,"172":15,"173":15,"174":15,"175":15,"176":15,"177":15,"178":15,"179":15,"180":15,"181":15,"183":15,"184":1,"185":1,"186":1,"188":15,"189":15,"190":15,"192":15,"193":15,"194":15,"195":15,"196":15,"197":16,"199":15,"200":15,"201":0,"202":0,"203":0,"205":15,"206":15,"207":15,"209":15,"210":15,"211":15,"212":15,"213":15,"214":15,"215":15,"216":15,"217":15,"218":15,"219":15,"220":15,"221":15,"223":15,"224":15,"225":15,"226":15,"227":15,"228":15,"229":15,"230":15,"232":15,"233":15,"235":15,"236":15,"237":0,"239":15,"241":15,"242":15,"244":15,"245":15,"246":15,"247":15,"248":15,"249":16,"250":16,"251":16,"252":16,"254":15,"255":15,"256":0,"258":15,"259":15,"260":15,"262":15,"263":15,"264":15,"265":15,"266":15,"267":15,"268":15,"269":15,"270":15,"271":15,"272":0,"273":0,"274":0,"275":15,"277":15,"278":15,"279":0,"280":0,"281":0,"283":15,"284":15,"285":15,"287":15,"288":15,"289":15,"290":15,"291":16,"292":16,"293":16,"294":16,"295":16,"296":16,"298":16,"300":15,"301":15,"302":0,"303":0,"304":0,"306":15,"307":15,"308":1,"310":15,"311":15,"312":15,"313":15,"314":15,"315":15,"317":15,"318":15,"319":15,"320":15,"321":15,"323":15,"324":15,"325":15,"326":15,"328":15},"branchMap":{"0":{"type":"branch","line":14,"loc":{"start":{"line":14,"column":30},"end":{"line":329,"column":2}},"locations":[{"start":{"line":14,"column":30},"end":{"line":329,"column":2}}]},"1":{"type":"branch","line":83,"loc":{"start":{"line":83,"column":53},"end":{"line":83,"column":75}},"locations":[{"start":{"line":83,"column":53},"end":{"line":83,"column":75}}]},"2":{"type":"branch","line":83,"loc":{"start":{"line":83,"column":67},"end":{"line":83,"column":77}},"locations":[{"start":{"line":83,"column":67},"end":{"line":83,"column":77}}]},"3":{"type":"branch","line":91,"loc":{"start":{"line":91,"column":16},"end":{"line":92,"column":77}},"locations":[{"start":{"line":91,"column":16},"end":{"line":92,"column":77}}]},"4":{"type":"branch","line":96,"loc":{"start":{"line":96,"column":53},"end":{"line":96,"column":74}},"locations":[{"start":{"line":96,"column":53},"end":{"line":96,"column":74}}]},"5":{"type":"branch","line":112,"loc":{"start":{"line":112,"column":16},"end":{"line":113,"column":76}},"locations":[{"start":{"line":112,"column":16},"end":{"line":113,"column":76}}]},"6":{"type":"branch","line":117,"loc":{"start":{"line":117,"column":53},"end":{"line":117,"column":76}},"locations":[{"start":{"line":117,"column":53},"end":{"line":117,"column":76}}]},"7":{"type":"branch","line":125,"loc":{"start":{"line":125,"column":16},"end":{"line":126,"column":78}},"locations":[{"start":{"line":125,"column":16},"end":{"line":126,"column":78}}]},"8":{"type":"branch","line":130,"loc":{"start":{"line":130,"column":53},"end":{"line":130,"column":79}},"locations":[{"start":{"line":130,"column":53},"end":{"line":130,"column":79}}]},"9":{"type":"branch","line":130,"loc":{"start":{"line":130,"column":71},"end":{"line":130,"column":81}},"locations":[{"start":{"line":130,"column":71},"end":{"line":130,"column":81}}]},"10":{"type":"branch","line":152,"loc":{"start":{"line":152,"column":77},"end":{"line":152,"column":101}},"locations":[{"start":{"line":152,"column":77},"end":{"line":152,"column":101}}]},"11":{"type":"branch","line":152,"loc":{"start":{"line":152,"column":93},"end":{"line":152,"column":103}},"locations":[{"start":{"line":152,"column":93},"end":{"line":152,"column":103}}]},"12":{"type":"branch","line":160,"loc":{"start":{"line":160,"column":77},"end":{"line":160,"column":104}},"locations":[{"start":{"line":160,"column":77},"end":{"line":160,"column":104}}]},"13":{"type":"branch","line":160,"loc":{"start":{"line":160,"column":96},"end":{"line":160,"column":106}},"locations":[{"start":{"line":160,"column":96},"end":{"line":160,"column":106}}]},"14":{"type":"branch","line":166,"loc":{"start":{"line":166,"column":77},"end":{"line":166,"column":104}},"locations":[{"start":{"line":166,"column":77},"end":{"line":166,"column":104}}]},"15":{"type":"branch","line":166,"loc":{"start":{"line":166,"column":96},"end":{"line":166,"column":106}},"locations":[{"start":{"line":166,"column":96},"end":{"line":166,"column":106}}]},"16":{"type":"branch","line":172,"loc":{"start":{"line":172,"column":77},"end":{"line":172,"column":101}},"locations":[{"start":{"line":172,"column":77},"end":{"line":172,"column":101}}]},"17":{"type":"branch","line":172,"loc":{"start":{"line":172,"column":93},"end":{"line":172,"column":103}},"locations":[{"start":{"line":172,"column":93},"end":{"line":172,"column":103}}]},"18":{"type":"branch","line":178,"loc":{"start":{"line":178,"column":77},"end":{"line":178,"column":101}},"locations":[{"start":{"line":178,"column":77},"end":{"line":178,"column":101}}]},"19":{"type":"branch","line":178,"loc":{"start":{"line":178,"column":93},"end":{"line":178,"column":103}},"locations":[{"start":{"line":178,"column":93},"end":{"line":178,"column":103}}]},"20":{"type":"branch","line":184,"loc":{"start":{"line":184,"column":16},"end":{"line":187,"column":17}},"locations":[{"start":{"line":184,"column":16},"end":{"line":187,"column":17}}]},"21":{"type":"branch","line":191,"loc":{"start":{"line":191,"column":53},"end":{"line":191,"column":86}},"locations":[{"start":{"line":191,"column":53},"end":{"line":191,"column":86}}]},"22":{"type":"branch","line":201,"loc":{"start":{"line":201,"column":16},"end":{"line":204,"column":17}},"locations":[{"start":{"line":201,"column":16},"end":{"line":204,"column":17}}]},"23":{"type":"branch","line":208,"loc":{"start":{"line":208,"column":53},"end":{"line":208,"column":77}},"locations":[{"start":{"line":208,"column":53},"end":{"line":208,"column":77}}]},"24":{"type":"branch","line":237,"loc":{"start":{"line":237,"column":16},"end":{"line":238,"column":79}},"locations":[{"start":{"line":237,"column":16},"end":{"line":238,"column":79}}]},"25":{"type":"branch","line":243,"loc":{"start":{"line":243,"column":53},"end":{"line":243,"column":78}},"locations":[{"start":{"line":243,"column":53},"end":{"line":243,"column":78}}]},"26":{"type":"branch","line":256,"loc":{"start":{"line":256,"column":16},"end":{"line":257,"column":80}},"locations":[{"start":{"line":256,"column":16},"end":{"line":257,"column":80}}]},"27":{"type":"branch","line":261,"loc":{"start":{"line":261,"column":53},"end":{"line":261,"column":85}},"locations":[{"start":{"line":261,"column":53},"end":{"line":261,"column":85}}]},"28":{"type":"branch","line":279,"loc":{"start":{"line":279,"column":16},"end":{"line":282,"column":17}},"locations":[{"start":{"line":279,"column":16},"end":{"line":282,"column":17}}]},"29":{"type":"branch","line":286,"loc":{"start":{"line":286,"column":53},"end":{"line":286,"column":83}},"locations":[{"start":{"line":286,"column":53},"end":{"line":286,"column":83}}]},"30":{"type":"branch","line":302,"loc":{"start":{"line":302,"column":16},"end":{"line":305,"column":17}},"locations":[{"start":{"line":302,"column":16},"end":{"line":305,"column":17}}]},"31":{"type":"branch","line":308,"loc":{"start":{"line":308,"column":14},"end":{"line":309,"column":73}},"locations":[{"start":{"line":308,"column":14},"end":{"line":309,"column":73}}]},"32":{"type":"branch","line":321,"loc":{"start":{"line":321,"column":20},"end":{"line":321,"column":45}},"locations":[{"start":{"line":321,"column":20},"end":{"line":321,"column":45}}]},"33":{"type":"branch","line":324,"loc":{"start":{"line":324,"column":11},"end":{"line":324,"column":44}},"locations":[{"start":{"line":324,"column":11},"end":{"line":324,"column":44}}]},"34":{"type":"branch","line":324,"loc":{"start":{"line":324,"column":26},"end":{"line":324,"column":53}},"locations":[{"start":{"line":324,"column":26},"end":{"line":324,"column":53}}]},"35":{"type":"branch","line":15,"loc":{"start":{"line":15,"column":35},"end":{"line":15,"column":63}},"locations":[{"start":{"line":15,"column":35},"end":{"line":15,"column":63}}]},"36":{"type":"branch","line":24,"loc":{"start":{"line":24,"column":32},"end":{"line":32,"column":4}},"locations":[{"start":{"line":24,"column":32},"end":{"line":32,"column":4}}]},"37":{"type":"branch","line":56,"loc":{"start":{"line":56,"column":19},"end":{"line":78,"column":4}},"locations":[{"start":{"line":56,"column":19},"end":{"line":78,"column":4}}]},"38":{"type":"branch","line":60,"loc":{"start":{"line":60,"column":31},"end":{"line":62,"column":7}},"locations":[{"start":{"line":60,"column":31},"end":{"line":62,"column":7}}]},"39":{"type":"branch","line":89,"loc":{"start":{"line":89,"column":18},"end":{"line":89,"column":76}},"locations":[{"start":{"line":89,"column":18},"end":{"line":89,"column":76}}]},"40":{"type":"branch","line":102,"loc":{"start":{"line":102,"column":18},"end":{"line":109,"column":14}},"locations":[{"start":{"line":102,"column":18},"end":{"line":109,"column":14}}]},"41":{"type":"branch","line":107,"loc":{"start":{"line":107,"column":27},"end":{"line":107,"column":39}},"locations":[{"start":{"line":107,"column":27},"end":{"line":107,"column":39}}]},"42":{"type":"branch","line":108,"loc":{"start":{"line":108,"column":24},"end":{"line":108,"column":70}},"locations":[{"start":{"line":108,"column":24},"end":{"line":108,"column":70}}]},"43":{"type":"branch","line":123,"loc":{"start":{"line":123,"column":18},"end":{"line":123,"column":78}},"locations":[{"start":{"line":123,"column":18},"end":{"line":123,"column":78}}]},"44":{"type":"branch","line":136,"loc":{"start":{"line":136,"column":18},"end":{"line":145,"column":14}},"locations":[{"start":{"line":136,"column":18},"end":{"line":145,"column":14}}]},"45":{"type":"branch","line":141,"loc":{"start":{"line":141,"column":24},"end":{"line":144,"column":16}},"locations":[{"start":{"line":141,"column":24},"end":{"line":144,"column":16}}]},"46":{"type":"branch","line":197,"loc":{"start":{"line":197,"column":18},"end":{"line":198,"column":69}},"locations":[{"start":{"line":197,"column":18},"end":{"line":198,"column":69}}]},"47":{"type":"branch","line":214,"loc":{"start":{"line":214,"column":18},"end":{"line":234,"column":18}},"locations":[{"start":{"line":214,"column":18},"end":{"line":234,"column":18}}]},"48":{"type":"branch","line":249,"loc":{"start":{"line":249,"column":18},"end":{"line":253,"column":14}},"locations":[{"start":{"line":249,"column":18},"end":{"line":253,"column":14}}]},"49":{"type":"branch","line":267,"loc":{"start":{"line":267,"column":18},"end":{"line":276,"column":14}},"locations":[{"start":{"line":267,"column":18},"end":{"line":276,"column":14}}]},"50":{"type":"branch","line":291,"loc":{"start":{"line":291,"column":18},"end":{"line":299,"column":20}},"locations":[{"start":{"line":291,"column":18},"end":{"line":299,"column":20}}]},"51":{"type":"branch","line":296,"loc":{"start":{"line":296,"column":26},"end":{"line":296,"column":66}},"locations":[{"start":{"line":296,"column":26},"end":{"line":296,"column":66}}]}},"b":{"0":[15],"1":[1],"2":[14],"3":[1],"4":[0],"5":[0],"6":[0],"7":[0],"8":[1],"9":[14],"10":[4],"11":[11],"12":[6],"13":[9],"14":[6],"15":[9],"16":[4],"17":[11],"18":[4],"19":[11],"20":[1],"21":[0],"22":[0],"23":[0],"24":[0],"25":[0],"26":[0],"27":[0],"28":[0],"29":[0],"30":[0],"31":[1],"32":[14],"33":[1],"34":[14],"35":[15],"36":[2],"37":[1],"38":[0],"39":[17],"40":[16],"41":[11],"42":[1],"43":[16],"44":[15],"45":[2],"46":[16],"47":[15],"48":[16],"49":[15],"50":[16],"51":[1]},"fnMap":{"0":{"name":"ControlledForm","decl":{"start":{"line":14,"column":30},"end":{"line":329,"column":2}},"loc":{"start":{"line":14,"column":30},"end":{"line":329,"column":2}},"line":14},"1":{"name":"checkPasswordCriteria","decl":{"start":{"line":24,"column":32},"end":{"line":32,"column":4}},"loc":{"start":{"line":24,"column":32},"end":{"line":32,"column":4}},"line":24},"2":{"name":"onSubmit","decl":{"start":{"line":56,"column":19},"end":{"line":78,"column":4}},"loc":{"start":{"line":56,"column":19},"end":{"line":78,"column":4}},"line":56},"3":{"name":"render","decl":{"start":{"line":89,"column":18},"end":{"line":89,"column":76}},"loc":{"start":{"line":89,"column":18},"end":{"line":89,"column":76}},"line":89},"4":{"name":"render","decl":{"start":{"line":102,"column":18},"end":{"line":109,"column":14}},"loc":{"start":{"line":102,"column":18},"end":{"line":109,"column":14}},"line":102},"5":{"name":"onChange","decl":{"start":{"line":108,"column":24},"end":{"line":108,"column":70}},"loc":{"start":{"line":108,"column":24},"end":{"line":108,"column":70}},"line":108},"6":{"name":"render","decl":{"start":{"line":123,"column":18},"end":{"line":123,"column":78}},"loc":{"start":{"line":123,"column":18},"end":{"line":123,"column":78}},"line":123},"7":{"name":"render","decl":{"start":{"line":136,"column":18},"end":{"line":145,"column":14}},"loc":{"start":{"line":136,"column":18},"end":{"line":145,"column":14}},"line":136},"8":{"name":"onChange","decl":{"start":{"line":141,"column":24},"end":{"line":144,"column":16}},"loc":{"start":{"line":141,"column":24},"end":{"line":144,"column":16}},"line":141},"9":{"name":"render","decl":{"start":{"line":197,"column":18},"end":{"line":198,"column":69}},"loc":{"start":{"line":197,"column":18},"end":{"line":198,"column":69}},"line":197},"10":{"name":"render","decl":{"start":{"line":214,"column":18},"end":{"line":234,"column":18}},"loc":{"start":{"line":214,"column":18},"end":{"line":234,"column":18}},"line":214},"11":{"name":"onChange","decl":{"start":{"line":221,"column":28},"end":{"line":221,"column":57}},"loc":{"start":{"line":221,"column":28},"end":{"line":221,"column":57}},"line":221},"12":{"name":"onChange","decl":{"start":{"line":230,"column":28},"end":{"line":230,"column":59}},"loc":{"start":{"line":230,"column":28},"end":{"line":230,"column":59}},"line":230},"13":{"name":"render","decl":{"start":{"line":249,"column":18},"end":{"line":253,"column":14}},"loc":{"start":{"line":249,"column":18},"end":{"line":253,"column":14}},"line":249},"14":{"name":"render","decl":{"start":{"line":267,"column":18},"end":{"line":276,"column":14}},"loc":{"start":{"line":267,"column":18},"end":{"line":276,"column":14}},"line":267},"15":{"name":"onChange","decl":{"start":{"line":272,"column":24},"end":{"line":275,"column":16}},"loc":{"start":{"line":272,"column":24},"end":{"line":275,"column":16}},"line":272},"16":{"name":"render","decl":{"start":{"line":291,"column":18},"end":{"line":299,"column":20}},"loc":{"start":{"line":291,"column":18},"end":{"line":299,"column":20}},"line":291},"17":{"name":"onChange","decl":{"start":{"line":296,"column":26},"end":{"line":296,"column":66}},"loc":{"start":{"line":296,"column":26},"end":{"line":296,"column":66}},"line":296}},"f":{"0":15,"1":2,"2":1,"3":17,"4":16,"5":1,"6":16,"7":15,"8":2,"9":16,"10":15,"11":0,"12":0,"13":16,"14":15,"15":0,"16":16,"17":1}}
,"D:\\repos\\rs-react-app\\src\\CountryAutocomplete.tsx": {"path":"D:\\repos\\rs-react-app\\src\\CountryAutocomplete.tsx","all":false,"statementMap":{"0":{"start":{"line":1,"column":0},"end":{"line":1,"column":41}},"1":{"start":{"line":2,"column":0},"end":{"line":2,"column":40}},"2":{"start":{"line":3,"column":0},"end":{"line":3,"column":51}},"9":{"start":{"line":10,"column":0},"end":{"line":10,"column":37}},"10":{"start":{"line":11,"column":0},"end":{"line":11,"column":8}},"11":{"start":{"line":12,"column":0},"end":{"line":12,"column":11}},"12":{"start":{"line":13,"column":0},"end":{"line":13,"column":33}},"13":{"start":{"line":14,"column":0},"end":{"line":14,"column":63}},"14":{"start":{"line":15,"column":0},"end":{"line":15,"column":64}},"15":{"start":{"line":16,"column":0},"end":{"line":16,"column":50}},"17":{"start":{"line":18,"column":0},"end":{"line":18,"column":73}},"18":{"start":{"line":19,"column":0},"end":{"line":19,"column":38}},"19":{"start":{"line":20,"column":0},"end":{"line":20,"column":25}},"21":{"start":{"line":22,"column":0},"end":{"line":22,"column":32}},"22":{"start":{"line":23,"column":0},"end":{"line":23,"column":61}},"23":{"start":{"line":24,"column":0},"end":{"line":24,"column":64}},"24":{"start":{"line":25,"column":0},"end":{"line":25,"column":8}},"25":{"start":{"line":26,"column":0},"end":{"line":26,"column":40}},"26":{"start":{"line":27,"column":0},"end":{"line":27,"column":31}},"27":{"start":{"line":28,"column":0},"end":{"line":28,"column":12}},"28":{"start":{"line":29,"column":0},"end":{"line":29,"column":25}},"29":{"start":{"line":30,"column":0},"end":{"line":30,"column":32}},"30":{"start":{"line":31,"column":0},"end":{"line":31,"column":5}},"31":{"start":{"line":32,"column":0},"end":{"line":32,"column":4}},"33":{"start":{"line":34,"column":0},"end":{"line":34,"column":57}},"34":{"start":{"line":35,"column":0},"end":{"line":35,"column":25}},"35":{"start":{"line":36,"column":0},"end":{"line":36,"column":30}},"36":{"start":{"line":37,"column":0},"end":{"line":37,"column":30}},"37":{"start":{"line":38,"column":0},"end":{"line":38,"column":4}},"39":{"start":{"line":40,"column":0},"end":{"line":40,"column":10}},"40":{"start":{"line":41,"column":0},"end":{"line":41,"column":42}},"41":{"start":{"line":42,"column":0},"end":{"line":42,"column":12}},"42":{"start":{"line":43,"column":0},"end":{"line":43,"column":22}},"43":{"start":{"line":44,"column":0},"end":{"line":44,"column":19}},"44":{"start":{"line":45,"column":0},"end":{"line":45,"column":21}},"45":{"start":{"line":46,"column":0},"end":{"line":46,"column":36}},"46":{"start":{"line":47,"column":0},"end":{"line":47,"column":68}},"47":{"start":{"line":48,"column":0},"end":{"line":48,"column":71}},"48":{"start":{"line":49,"column":0},"end":{"line":49,"column":50}},"49":{"start":{"line":50,"column":0},"end":{"line":50,"column":8}},"50":{"start":{"line":51,"column":0},"end":{"line":51,"column":53}},"51":{"start":{"line":52,"column":0},"end":{"line":52,"column":43}},"52":{"start":{"line":53,"column":0},"end":{"line":53,"column":44}},"53":{"start":{"line":54,"column":0},"end":{"line":54,"column":15}},"54":{"start":{"line":55,"column":0},"end":{"line":55,"column":30}},"55":{"start":{"line":56,"column":0},"end":{"line":56,"column":67}},"56":{"start":{"line":57,"column":0},"end":{"line":57,"column":51}},"58":{"start":{"line":59,"column":0},"end":{"line":59,"column":26}},"59":{"start":{"line":60,"column":0},"end":{"line":60,"column":17}},"60":{"start":{"line":61,"column":0},"end":{"line":61,"column":13}},"61":{"start":{"line":62,"column":0},"end":{"line":62,"column":13}},"63":{"start":{"line":64,"column":0},"end":{"line":64,"column":10}},"65":{"start":{"line":66,"column":0},"end":{"line":66,"column":2}}},"s":{"0":1,"1":1,"2":1,"9":1,"10":21,"11":21,"12":21,"13":21,"14":21,"15":21,"17":21,"18":4,"19":4,"21":4,"22":4,"23":12,"24":4,"25":4,"26":4,"27":4,"28":0,"29":0,"30":0,"31":4,"33":21,"34":0,"35":0,"36":0,"37":0,"39":21,"40":21,"41":21,"42":21,"43":21,"44":21,"45":21,"46":21,"47":21,"48":21,"49":21,"50":21,"51":6,"52":6,"53":7,"54":7,"55":7,"56":7,"58":7,"59":7,"60":6,"61":6,"63":21,"65":21},"branchMap":{"0":{"type":"branch","line":10,"loc":{"start":{"line":10,"column":35},"end":{"line":66,"column":2}},"locations":[{"start":{"line":10,"column":35},"end":{"line":66,"column":2}}]},"1":{"type":"branch","line":51,"loc":{"start":{"line":51,"column":7},"end":{"line":51,"column":53}},"locations":[{"start":{"line":51,"column":7},"end":{"line":51,"column":53}}]},"2":{"type":"branch","line":51,"loc":{"start":{"line":51,"column":47},"end":{"line":62,"column":13}},"locations":[{"start":{"line":51,"column":47},"end":{"line":62,"column":13}}]},"3":{"type":"branch","line":18,"loc":{"start":{"line":18,"column":28},"end":{"line":32,"column":4}},"locations":[{"start":{"line":18,"column":28},"end":{"line":32,"column":4}}]},"4":{"type":"branch","line":28,"loc":{"start":{"line":28,"column":4},"end":{"line":31,"column":5}},"locations":[{"start":{"line":28,"column":4},"end":{"line":31,"column":5}}]},"5":{"type":"branch","line":23,"loc":{"start":{"line":23,"column":49},"end":{"line":24,"column":64}},"locations":[{"start":{"line":23,"column":49},"end":{"line":24,"column":64}}]},"6":{"type":"branch","line":53,"loc":{"start":{"line":53,"column":27},"end":{"line":60,"column":17}},"locations":[{"start":{"line":53,"column":27},"end":{"line":60,"column":17}}]}},"b":{"0":[21],"1":[7],"2":[6],"3":[4],"4":[0],"5":[12],"6":[7]},"fnMap":{"0":{"name":"CountryAutocomplete","decl":{"start":{"line":10,"column":35},"end":{"line":66,"column":2}},"loc":{"start":{"line":10,"column":35},"end":{"line":66,"column":2}},"line":10},"1":{"name":"handleInputChange","decl":{"start":{"line":18,"column":28},"end":{"line":32,"column":4}},"loc":{"start":{"line":18,"column":28},"end":{"line":32,"column":4}},"line":18},"2":{"name":"handleSuggestionClick","decl":{"start":{"line":34,"column":32},"end":{"line":38,"column":4}},"loc":{"start":{"line":34,"column":32},"end":{"line":38,"column":4}},"line":34},"3":{"name":"onFocus","decl":{"start":{"line":47,"column":17},"end":{"line":47,"column":68}},"loc":{"start":{"line":47,"column":17},"end":{"line":47,"column":68}},"line":47},"4":{"name":"onBlur","decl":{"start":{"line":48,"column":16},"end":{"line":48,"column":71}},"loc":{"start":{"line":48,"column":16},"end":{"line":48,"column":71}},"line":48},"5":{"name":"onMouseDown","decl":{"start":{"line":56,"column":27},"end":{"line":56,"column":67}},"loc":{"start":{"line":56,"column":27},"end":{"line":56,"column":67}},"line":56}},"f":{"0":21,"1":4,"2":0,"3":0,"4":0,"5":0}}
,"D:\\repos\\rs-react-app\\src\\DisplayFormData.tsx": {"path":"D:\\repos\\rs-react-app\\src\\DisplayFormData.tsx","all":false,"statementMap":{"0":{"start":{"line":1,"column":0},"end":{"line":1,"column":52}},"1":{"start":{"line":2,"column":0},"end":{"line":2,"column":43}},"2":{"start":{"line":3,"column":0},"end":{"line":3,"column":42}},"4":{"start":{"line":5,"column":0},"end":{"line":5,"column":34}},"5":{"start":{"line":6,"column":0},"end":{"line":6,"column":59}},"6":{"start":{"line":7,"column":0},"end":{"line":7,"column":67}},"7":{"start":{"line":8,"column":0},"end":{"line":8,"column":67}},"8":{"start":{"line":9,"column":0},"end":{"line":9,"column":39}},"9":{"start":{"line":10,"column":0},"end":{"line":10,"column":39}},"11":{"start":{"line":12,"column":0},"end":{"line":12,"column":19}},"12":{"start":{"line":13,"column":0},"end":{"line":13,"column":35}},"13":{"start":{"line":14,"column":0},"end":{"line":14,"column":35}},"14":{"start":{"line":15,"column":0},"end":{"line":15,"column":27}},"16":{"start":{"line":17,"column":0},"end":{"line":17,"column":19}},"17":{"start":{"line":18,"column":0},"end":{"line":18,"column":49}},"19":{"start":{"line":20,"column":0},"end":{"line":20,"column":28}},"20":{"start":{"line":21,"column":0},"end":{"line":21,"column":58}},"21":{"start":{"line":22,"column":0},"end":{"line":22,"column":61}},"23":{"start":{"line":24,"column":0},"end":{"line":24,"column":45}},"24":{"start":{"line":25,"column":0},"end":{"line":25,"column":57}},"26":{"start":{"line":27,"column":0},"end":{"line":27,"column":60}},"27":{"start":{"line":28,"column":0},"end":{"line":28,"column":26}},"28":{"start":{"line":29,"column":0},"end":{"line":29,"column":36}},"29":{"start":{"line":30,"column":0},"end":{"line":30,"column":7}},"31":{"start":{"line":32,"column":0},"end":{"line":32,"column":38}},"32":{"start":{"line":33,"column":0},"end":{"line":33,"column":31}},"33":{"start":{"line":34,"column":0},"end":{"line":34,"column":39}},"34":{"start":{"line":35,"column":0},"end":{"line":35,"column":34}},"35":{"start":{"line":36,"column":0},"end":{"line":36,"column":24}},"36":{"start":{"line":37,"column":0},"end":{"line":37,"column":11}},"37":{"start":{"line":38,"column":0},"end":{"line":38,"column":43}},"38":{"start":{"line":39,"column":0},"end":{"line":39,"column":15}},"40":{"start":{"line":41,"column":0},"end":{"line":41,"column":45}},"41":{"start":{"line":42,"column":0},"end":{"line":42,"column":5}},"42":{"start":{"line":43,"column":0},"end":{"line":43,"column":24}},"44":{"start":{"line":45,"column":0},"end":{"line":45,"column":19}},"45":{"start":{"line":46,"column":0},"end":{"line":46,"column":44}},"47":{"start":{"line":48,"column":0},"end":{"line":48,"column":18}},"48":{"start":{"line":49,"column":0},"end":{"line":49,"column":60}},"49":{"start":{"line":50,"column":0},"end":{"line":50,"column":6}},"50":{"start":{"line":51,"column":0},"end":{"line":51,"column":9}},"52":{"start":{"line":53,"column":0},"end":{"line":53,"column":30}},"53":{"start":{"line":54,"column":0},"end":{"line":54,"column":71}},"54":{"start":{"line":55,"column":0},"end":{"line":55,"column":3}},"56":{"start":{"line":57,"column":0},"end":{"line":57,"column":10}},"57":{"start":{"line":58,"column":0},"end":{"line":58,"column":42}},"58":{"start":{"line":59,"column":0},"end":{"line":59,"column":31}},"59":{"start":{"line":60,"column":0},"end":{"line":60,"column":35}},"60":{"start":{"line":61,"column":0},"end":{"line":61,"column":33}},"61":{"start":{"line":62,"column":0},"end":{"line":62,"column":66}},"62":{"start":{"line":63,"column":0},"end":{"line":63,"column":18}},"63":{"start":{"line":64,"column":0},"end":{"line":64,"column":16}},"64":{"start":{"line":65,"column":0},"end":{"line":65,"column":47}},"65":{"start":{"line":66,"column":0},"end":{"line":66,"column":69}},"67":{"start":{"line":68,"column":0},"end":{"line":68,"column":34}},"68":{"start":{"line":69,"column":0},"end":{"line":69,"column":36}},"69":{"start":{"line":70,"column":0},"end":{"line":70,"column":40}},"70":{"start":{"line":71,"column":0},"end":{"line":71,"column":42}},"71":{"start":{"line":72,"column":0},"end":{"line":72,"column":44}},"72":{"start":{"line":73,"column":0},"end":{"line":73,"column":77}},"73":{"start":{"line":74,"column":0},"end":{"line":74,"column":39}},"74":{"start":{"line":75,"column":0},"end":{"line":75,"column":46}},"75":{"start":{"line":76,"column":0},"end":{"line":76,"column":65}},"76":{"start":{"line":77,"column":0},"end":{"line":77,"column":22}},"78":{"start":{"line":79,"column":0},"end":{"line":79,"column":18}},"80":{"start":{"line":81,"column":0},"end":{"line":81,"column":11}},"81":{"start":{"line":82,"column":0},"end":{"line":82,"column":12}},"82":{"start":{"line":83,"column":0},"end":{"line":83,"column":14}},"84":{"start":{"line":85,"column":0},"end":{"line":85,"column":2}}},"s":{"0":1,"1":1,"2":1,"4":1,"5":11,"6":11,"7":11,"8":11,"9":11,"11":11,"12":11,"13":11,"14":11,"16":11,"17":6,"19":5,"20":5,"21":5,"23":5,"24":5,"26":5,"27":5,"28":0,"29":0,"31":5,"32":0,"33":0,"34":0,"35":0,"36":0,"37":0,"38":5,"40":5,"41":5,"42":11,"44":11,"45":6,"47":6,"48":6,"49":6,"50":11,"52":11,"53":1,"54":1,"56":10,"57":10,"58":10,"59":10,"60":10,"61":12,"62":12,"63":12,"64":12,"65":12,"67":12,"68":12,"69":12,"70":12,"71":12,"72":12,"73":12,"74":2,"75":2,"76":2,"78":12,"80":10,"81":10,"82":10,"84":10},"branchMap":{"0":{"type":"branch","line":5,"loc":{"start":{"line":5,"column":27},"end":{"line":85,"column":2}},"locations":[{"start":{"line":5,"column":27},"end":{"line":85,"column":2}}]},"1":{"type":"branch","line":53,"loc":{"start":{"line":53,"column":29},"end":{"line":55,"column":3}},"locations":[{"start":{"line":53,"column":29},"end":{"line":55,"column":3}}]},"2":{"type":"branch","line":55,"loc":{"start":{"line":55,"column":2},"end":{"line":85,"column":2}},"locations":[{"start":{"line":55,"column":2},"end":{"line":85,"column":2}}]},"3":{"type":"branch","line":12,"loc":{"start":{"line":12,"column":12},"end":{"line":15,"column":5}},"locations":[{"start":{"line":12,"column":12},"end":{"line":15,"column":5}}]},"4":{"type":"branch","line":17,"loc":{"start":{"line":17,"column":12},"end":{"line":43,"column":5}},"locations":[{"start":{"line":17,"column":12},"end":{"line":43,"column":5}}]},"5":{"type":"branch","line":18,"loc":{"start":{"line":18,"column":42},"end":{"line":18,"column":49}},"locations":[{"start":{"line":18,"column":42},"end":{"line":18,"column":49}}]},"6":{"type":"branch","line":18,"loc":{"start":{"line":18,"column":42},"end":{"line":42,"column":5}},"locations":[{"start":{"line":18,"column":42},"end":{"line":42,"column":5}}]},"7":{"type":"branch","line":28,"loc":{"start":{"line":28,"column":25},"end":{"line":30,"column":7}},"locations":[{"start":{"line":28,"column":25},"end":{"line":30,"column":7}}]},"8":{"type":"branch","line":25,"loc":{"start":{"line":25,"column":18},"end":{"line":25,"column":55}},"locations":[{"start":{"line":25,"column":18},"end":{"line":25,"column":55}}]},"9":{"type":"branch","line":45,"loc":{"start":{"line":45,"column":12},"end":{"line":51,"column":5}},"locations":[{"start":{"line":45,"column":12},"end":{"line":51,"column":5}}]},"10":{"type":"branch","line":48,"loc":{"start":{"line":48,"column":11},"end":{"line":50,"column":6}},"locations":[{"start":{"line":48,"column":11},"end":{"line":50,"column":6}}]},"11":{"type":"branch","line":49,"loc":{"start":{"line":49,"column":28},"end":{"line":49,"column":58}},"locations":[{"start":{"line":49,"column":28},"end":{"line":49,"column":58}}]},"12":{"type":"branch","line":61,"loc":{"start":{"line":61,"column":22},"end":{"line":81,"column":9}},"locations":[{"start":{"line":61,"column":22},"end":{"line":81,"column":9}}]},"13":{"type":"branch","line":66,"loc":{"start":{"line":66,"column":43},"end":{"line":66,"column":64}},"locations":[{"start":{"line":66,"column":43},"end":{"line":66,"column":64}}]},"14":{"type":"branch","line":66,"loc":{"start":{"line":66,"column":58},"end":{"line":66,"column":66}},"locations":[{"start":{"line":66,"column":58},"end":{"line":66,"column":66}}]},"15":{"type":"branch","line":74,"loc":{"start":{"line":74,"column":20},"end":{"line":77,"column":22}},"locations":[{"start":{"line":74,"column":20},"end":{"line":77,"column":22}}]}},"b":{"0":[11],"1":[1],"2":[10],"3":[11],"4":[6],"5":[1],"6":[5],"7":[0],"8":[5],"9":[6],"10":[6],"11":[5],"12":[12],"13":[5],"14":[7],"15":[2]},"fnMap":{"0":{"name":"DataDisplay","decl":{"start":{"line":5,"column":27},"end":{"line":85,"column":2}},"loc":{"start":{"line":5,"column":27},"end":{"line":85,"column":2}},"line":5}},"f":{"0":11}}
,"D:\\repos\\rs-react-app\\src\\Main.tsx": {"path":"D:\\repos\\rs-react-app\\src\\Main.tsx","all":true,"statementMap":{"0":{"start":{"line":1,"column":0},"end":{"line":1,"column":35}},"1":{"start":{"line":2,"column":0},"end":{"line":2,"column":46}},"2":{"start":{"line":3,"column":0},"end":{"line":3,"column":21}},"3":{"start":{"line":4,"column":0},"end":{"line":4,"column":24}},"5":{"start":{"line":6,"column":0},"end":{"line":6,"column":52}},"7":{"start":{"line":8,"column":0},"end":{"line":8,"column":19}},"8":{"start":{"line":9,"column":0},"end":{"line":9,"column":44}},"9":{"start":{"line":10,"column":0},"end":{"line":10,"column":1}},"11":{"start":{"line":12,"column":0},"end":{"line":12,"column":31}},"12":{"start":{"line":13,"column":0},"end":{"line":13,"column":14}},"13":{"start":{"line":14,"column":0},"end":{"line":14,"column":11}},"14":{"start":{"line":15,"column":0},"end":{"line":15,"column":15}},"15":{"start":{"line":16,"column":0},"end":{"line":16,"column":2}}},"s":{"0":0,"1":0,"2":0,"3":0,"5":0,"7":0,"8":0,"9":0,"11":0,"12":0,"13":0,"14":0,"15":0},"branchMap":{"0":{"type":"branch","line":1,"loc":{"start":{"line":1,"column":304},"end":{"line":16,"column":-224}},"locations":[{"start":{"line":1,"column":304},"end":{"line":16,"column":-224}}]}},"b":{"0":[0]},"fnMap":{"0":{"name":"(empty-report)","decl":{"start":{"line":1,"column":304},"end":{"line":16,"column":-224}},"loc":{"start":{"line":1,"column":304},"end":{"line":16,"column":-224}},"line":1}},"f":{"0":0}}
,"D:\\repos\\rs-react-app\\src\\Modal.tsx": {"path":"D:\\repos\\rs-react-app\\src\\Modal.tsx","all":false,"statementMap":{"0":{"start":{"line":1,"column":0},"end":{"line":1,"column":63}},"1":{"start":{"line":2,"column":0},"end":{"line":2,"column":41}},"2":{"start":{"line":3,"column":0},"end":{"line":3,"column":40}},"10":{"start":{"line":11,"column":0},"end":{"line":11,"column":69}},"11":{"start":{"line":12,"column":0},"end":{"line":12,"column":35}},"12":{"start":{"line":13,"column":0},"end":{"line":13,"column":31}},"13":{"start":{"line":14,"column":0},"end":{"line":14,"column":35}},"14":{"start":{"line":15,"column":0},"end":{"line":15,"column":18}},"15":{"start":{"line":16,"column":0},"end":{"line":16,"column":7}},"16":{"start":{"line":17,"column":0},"end":{"line":17,"column":6}},"17":{"start":{"line":18,"column":0},"end":{"line":18,"column":13}},"18":{"start":{"line":19,"column":0},"end":{"line":19,"column":4}},"20":{"start":{"line":21,"column":0},"end":{"line":21,"column":19}},"21":{"start":{"line":22,"column":0},"end":{"line":22,"column":24}},"23":{"start":{"line":24,"column":0},"end":{"line":24,"column":46}},"24":{"start":{"line":25,"column":0},"end":{"line":25,"column":55}},"26":{"start":{"line":27,"column":0},"end":{"line":27,"column":18}},"27":{"start":{"line":28,"column":0},"end":{"line":28,"column":51}},"28":{"start":{"line":29,"column":0},"end":{"line":29,"column":60}},"29":{"start":{"line":30,"column":0},"end":{"line":30,"column":6}},"30":{"start":{"line":31,"column":0},"end":{"line":31,"column":29}},"32":{"start":{"line":33,"column":0},"end":{"line":33,"column":27}},"34":{"start":{"line":35,"column":0},"end":{"line":35,"column":22}},"35":{"start":{"line":36,"column":0},"end":{"line":36,"column":54}},"36":{"start":{"line":37,"column":0},"end":{"line":37,"column":10}},"37":{"start":{"line":38,"column":0},"end":{"line":38,"column":43}},"38":{"start":{"line":39,"column":0},"end":{"line":39,"column":44}},"39":{"start":{"line":40,"column":0},"end":{"line":40,"column":21}},"40":{"start":{"line":41,"column":0},"end":{"line":41,"column":25}},"42":{"start":{"line":43,"column":0},"end":{"line":43,"column":15}},"43":{"start":{"line":44,"column":0},"end":{"line":44,"column":44}},"44":{"start":{"line":45,"column":0},"end":{"line":45,"column":27}},"45":{"start":{"line":46,"column":0},"end":{"line":46,"column":34}},"46":{"start":{"line":47,"column":0},"end":{"line":47,"column":9}},"48":{"start":{"line":49,"column":0},"end":{"line":49,"column":17}},"49":{"start":{"line":50,"column":0},"end":{"line":50,"column":18}},"50":{"start":{"line":51,"column":0},"end":{"line":51,"column":12}},"51":{"start":{"line":52,"column":0},"end":{"line":52,"column":11}},"52":{"start":{"line":53,"column":0},"end":{"line":53,"column":17}},"53":{"start":{"line":54,"column":0},"end":{"line":54,"column":4}},"54":{"start":{"line":55,"column":0},"end":{"line":55,"column":2}}},"s":{"0":1,"1":1,"2":1,"10":1,"11":6,"12":6,"13":1,"14":1,"15":1,"16":1,"17":6,"18":6,"20":6,"21":6,"23":5,"24":5,"26":5,"27":5,"28":5,"29":5,"30":6,"32":6,"34":5,"35":5,"36":5,"37":5,"38":5,"39":5,"40":5,"42":5,"43":5,"44":5,"45":5,"46":5,"48":5,"49":5,"50":5,"51":5,"52":5,"53":5,"54":5},"branchMap":{"0":{"type":"branch","line":11,"loc":{"start":{"line":11,"column":21},"end":{"line":55,"column":2}},"locations":[{"start":{"line":11,"column":21},"end":{"line":55,"column":2}}]},"1":{"type":"branch","line":33,"loc":{"start":{"line":33,"column":15},"end":{"line":33,"column":27}},"locations":[{"start":{"line":33,"column":15},"end":{"line":33,"column":27}}]},"2":{"type":"branch","line":33,"loc":{"start":{"line":33,"column":22},"end":{"line":55,"column":2}},"locations":[{"start":{"line":33,"column":22},"end":{"line":55,"column":2}}]},"3":{"type":"branch","line":13,"loc":{"start":{"line":13,"column":4},"end":{"line":17,"column":6}},"locations":[{"start":{"line":13,"column":4},"end":{"line":17,"column":6}}]},"4":{"type":"branch","line":21,"loc":{"start":{"line":21,"column":12},"end":{"line":31,"column":5}},"locations":[{"start":{"line":21,"column":12},"end":{"line":31,"column":5}}]},"5":{"type":"branch","line":22,"loc":{"start":{"line":22,"column":17},"end":{"line":22,"column":24}},"locations":[{"start":{"line":22,"column":17},"end":{"line":22,"column":24}}]},"6":{"type":"branch","line":22,"loc":{"start":{"line":22,"column":17},"end":{"line":30,"column":6}},"locations":[{"start":{"line":22,"column":17},"end":{"line":30,"column":6}}]},"7":{"type":"branch","line":27,"loc":{"start":{"line":27,"column":11},"end":{"line":30,"column":6}},"locations":[{"start":{"line":27,"column":11},"end":{"line":30,"column":6}}]},"8":{"type":"branch","line":39,"loc":{"start":{"line":39,"column":17},"end":{"line":39,"column":44}},"locations":[{"start":{"line":39,"column":17},"end":{"line":39,"column":44}}]}},"b":{"0":[6],"1":[1],"2":[5],"3":[1],"4":[6],"5":[1],"6":[5],"7":[5],"8":[2]},"fnMap":{"0":{"name":"Modal","decl":{"start":{"line":11,"column":21},"end":{"line":55,"column":2}},"loc":{"start":{"line":11,"column":21},"end":{"line":55,"column":2}},"line":11},"1":{"name":"onClick","decl":{"start":{"line":39,"column":17},"end":{"line":39,"column":44}},"loc":{"start":{"line":39,"column":17},"end":{"line":39,"column":44}},"line":39}},"f":{"0":6,"1":2}}
,"D:\\repos\\rs-react-app\\src\\UncontrolledForm.tsx": {"path":"D:\\repos\\rs-react-app\\src\\UncontrolledForm.tsx","all":false,"statementMap":{"0":{"start":{"line":1,"column":0},"end":{"line":1,"column":41}},"1":{"start":{"line":2,"column":0},"end":{"line":2,"column":31}},"2":{"start":{"line":3,"column":0},"end":{"line":3,"column":51}},"3":{"start":{"line":4,"column":0},"end":{"line":4,"column":46}},"4":{"start":{"line":5,"column":0},"end":{"line":5,"column":59}},"5":{"start":{"line":6,"column":0},"end":{"line":6,"column":43}},"6":{"start":{"line":7,"column":0},"end":{"line":7,"column":60}},"12":{"start":{"line":13,"column":0},"end":{"line":13,"column":73}},"13":{"start":{"line":14,"column":0},"end":{"line":14,"column":48}},"14":{"start":{"line":15,"column":0},"end":{"line":15,"column":39}},"16":{"start":{"line":17,"column":0},"end":{"line":17,"column":8}},"17":{"start":{"line":18,"column":0},"end":{"line":18,"column":58}},"18":{"start":{"line":19,"column":0},"end":{"line":19,"column":55}},"19":{"start":{"line":20,"column":0},"end":{"line":20,"column":65}},"21":{"start":{"line":22,"column":0},"end":{"line":22,"column":50}},"22":{"start":{"line":23,"column":0},"end":{"line":23,"column":27}},"23":{"start":{"line":24,"column":0},"end":{"line":24,"column":4}},"25":{"start":{"line":26,"column":0},"end":{"line":26,"column":58}},"26":{"start":{"line":27,"column":0},"end":{"line":27,"column":27}},"27":{"start":{"line":28,"column":0},"end":{"line":28,"column":26}},"28":{"start":{"line":29,"column":0},"end":{"line":29,"column":18}},"30":{"start":{"line":31,"column":0},"end":{"line":31,"column":33}},"32":{"start":{"line":33,"column":0},"end":{"line":33,"column":51}},"33":{"start":{"line":34,"column":0},"end":{"line":34,"column":59}},"35":{"start":{"line":36,"column":0},"end":{"line":36,"column":24}},"36":{"start":{"line":37,"column":0},"end":{"line":37,"column":20}},"39":{"start":{"line":40,"column":0},"end":{"line":40,"column":10}},"40":{"start":{"line":41,"column":0},"end":{"line":41,"column":39}},"41":{"start":{"line":42,"column":0},"end":{"line":42,"column":6}},"43":{"start":{"line":44,"column":0},"end":{"line":44,"column":18}},"44":{"start":{"line":45,"column":0},"end":{"line":45,"column":35}},"45":{"start":{"line":46,"column":0},"end":{"line":46,"column":31}},"46":{"start":{"line":47,"column":0},"end":{"line":47,"column":37}},"47":{"start":{"line":48,"column":0},"end":{"line":48,"column":43}},"48":{"start":{"line":49,"column":0},"end":{"line":49,"column":57}},"49":{"start":{"line":50,"column":0},"end":{"line":50,"column":53}},"50":{"start":{"line":51,"column":0},"end":{"line":51,"column":28}},"51":{"start":{"line":52,"column":0},"end":{"line":52,"column":50}},"52":{"start":{"line":53,"column":0},"end":{"line":53,"column":21}},"53":{"start":{"line":54,"column":0},"end":{"line":54,"column":33}},"54":{"start":{"line":55,"column":0},"end":{"line":55,"column":40}},"55":{"start":{"line":56,"column":0},"end":{"line":56,"column":50}},"56":{"start":{"line":57,"column":0},"end":{"line":57,"column":44}},"57":{"start":{"line":58,"column":0},"end":{"line":58,"column":22}},"58":{"start":{"line":59,"column":0},"end":{"line":59,"column":6}},"60":{"start":{"line":61,"column":0},"end":{"line":61,"column":9}},"61":{"start":{"line":62,"column":0},"end":{"line":62,"column":62}},"62":{"start":{"line":63,"column":0},"end":{"line":63,"column":51}},"63":{"start":{"line":64,"column":0},"end":{"line":64,"column":41}},"64":{"start":{"line":65,"column":0},"end":{"line":65,"column":80}},"65":{"start":{"line":66,"column":0},"end":{"line":66,"column":7}},"67":{"start":{"line":68,"column":0},"end":{"line":68,"column":19}},"68":{"start":{"line":69,"column":0},"end":{"line":69,"column":25}},"69":{"start":{"line":70,"column":0},"end":{"line":70,"column":45}},"70":{"start":{"line":71,"column":0},"end":{"line":71,"column":9}},"72":{"start":{"line":73,"column":0},"end":{"line":73,"column":16}},"73":{"start":{"line":74,"column":0},"end":{"line":74,"column":21}},"74":{"start":{"line":75,"column":0},"end":{"line":75,"column":30}},"75":{"start":{"line":76,"column":0},"end":{"line":76,"column":72}},"76":{"start":{"line":77,"column":0},"end":{"line":77,"column":39}},"77":{"start":{"line":78,"column":0},"end":{"line":78,"column":48}},"78":{"start":{"line":79,"column":0},"end":{"line":79,"column":57}},"79":{"start":{"line":80,"column":0},"end":{"line":80,"column":42}},"80":{"start":{"line":81,"column":0},"end":{"line":81,"column":11}},"81":{"start":{"line":82,"column":0},"end":{"line":82,"column":11}},"82":{"start":{"line":83,"column":0},"end":{"line":83,"column":29}},"83":{"start":{"line":84,"column":0},"end":{"line":84,"column":14}},"84":{"start":{"line":85,"column":0},"end":{"line":85,"column":50}},"85":{"start":{"line":86,"column":0},"end":{"line":86,"column":7}},"86":{"start":{"line":87,"column":0},"end":{"line":87,"column":15}},"87":{"start":{"line":88,"column":0},"end":{"line":88,"column":29}},"88":{"start":{"line":89,"column":0},"end":{"line":89,"column":5}},"89":{"start":{"line":90,"column":0},"end":{"line":90,"column":4}},"91":{"start":{"line":92,"column":0},"end":{"line":92,"column":10}},"92":{"start":{"line":93,"column":0},"end":{"line":93,"column":9}},"93":{"start":{"line":94,"column":0},"end":{"line":94,"column":19}},"94":{"start":{"line":95,"column":0},"end":{"line":95,"column":29}},"95":{"start":{"line":96,"column":0},"end":{"line":96,"column":29}},"96":{"start":{"line":97,"column":0},"end":{"line":97,"column":37}},"98":{"start":{"line":99,"column":0},"end":{"line":99,"column":44}},"99":{"start":{"line":100,"column":0},"end":{"line":100,"column":44}},"100":{"start":{"line":101,"column":0},"end":{"line":101,"column":14}},"101":{"start":{"line":102,"column":0},"end":{"line":102,"column":21}},"102":{"start":{"line":103,"column":0},"end":{"line":103,"column":19}},"103":{"start":{"line":104,"column":0},"end":{"line":104,"column":21}},"104":{"start":{"line":105,"column":0},"end":{"line":105,"column":18}},"105":{"start":{"line":106,"column":0},"end":{"line":106,"column":53}},"106":{"start":{"line":107,"column":0},"end":{"line":107,"column":10}},"107":{"start":{"line":108,"column":0},"end":{"line":108,"column":25}},"108":{"start":{"line":109,"column":0},"end":{"line":109,"column":69}},"110":{"start":{"line":111,"column":0},"end":{"line":111,"column":12}},"111":{"start":{"line":112,"column":0},"end":{"line":112,"column":44}},"112":{"start":{"line":113,"column":0},"end":{"line":113,"column":42}},"113":{"start":{"line":114,"column":0},"end":{"line":114,"column":14}},"114":{"start":{"line":115,"column":0},"end":{"line":115,"column":23}},"115":{"start":{"line":116,"column":0},"end":{"line":116,"column":18}},"116":{"start":{"line":117,"column":0},"end":{"line":117,"column":20}},"117":{"start":{"line":118,"column":0},"end":{"line":118,"column":18}},"118":{"start":{"line":119,"column":0},"end":{"line":119,"column":18}},"119":{"start":{"line":120,"column":0},"end":{"line":120,"column":19}},"120":{"start":{"line":121,"column":0},"end":{"line":121,"column":52}},"121":{"start":{"line":122,"column":0},"end":{"line":122,"column":10}},"122":{"start":{"line":123,"column":0},"end":{"line":123,"column":24}},"123":{"start":{"line":124,"column":0},"end":{"line":124,"column":68}},"125":{"start":{"line":126,"column":0},"end":{"line":126,"column":12}},"126":{"start":{"line":127,"column":0},"end":{"line":127,"column":44}},"127":{"start":{"line":128,"column":0},"end":{"line":128,"column":46}},"128":{"start":{"line":129,"column":0},"end":{"line":129,"column":14}},"129":{"start":{"line":130,"column":0},"end":{"line":130,"column":22}},"130":{"start":{"line":131,"column":0},"end":{"line":131,"column":20}},"131":{"start":{"line":132,"column":0},"end":{"line":132,"column":22}},"132":{"start":{"line":133,"column":0},"end":{"line":133,"column":18}},"133":{"start":{"line":134,"column":0},"end":{"line":134,"column":54}},"134":{"start":{"line":135,"column":0},"end":{"line":135,"column":10}},"135":{"start":{"line":136,"column":0},"end":{"line":136,"column":26}},"136":{"start":{"line":137,"column":0},"end":{"line":137,"column":70}},"138":{"start":{"line":139,"column":0},"end":{"line":139,"column":12}},"139":{"start":{"line":140,"column":0},"end":{"line":140,"column":44}},"140":{"start":{"line":141,"column":0},"end":{"line":141,"column":52}},"141":{"start":{"line":142,"column":0},"end":{"line":142,"column":14}},"142":{"start":{"line":143,"column":0},"end":{"line":143,"column":25}},"143":{"start":{"line":144,"column":0},"end":{"line":144,"column":23}},"144":{"start":{"line":145,"column":0},"end":{"line":145,"column":25}},"145":{"start":{"line":146,"column":0},"end":{"line":146,"column":18}},"146":{"start":{"line":147,"column":0},"end":{"line":147,"column":57}},"147":{"start":{"line":148,"column":0},"end":{"line":148,"column":10}},"148":{"start":{"line":149,"column":0},"end":{"line":149,"column":29}},"149":{"start":{"line":150,"column":0},"end":{"line":150,"column":73}},"151":{"start":{"line":152,"column":0},"end":{"line":152,"column":12}},"152":{"start":{"line":153,"column":0},"end":{"line":153,"column":44}},"153":{"start":{"line":154,"column":0},"end":{"line":154,"column":67}},"154":{"start":{"line":155,"column":0},"end":{"line":155,"column":14}},"155":{"start":{"line":156,"column":0},"end":{"line":156,"column":25}},"156":{"start":{"line":157,"column":0},"end":{"line":157,"column":30}},"157":{"start":{"line":158,"column":0},"end":{"line":158,"column":32}},"158":{"start":{"line":159,"column":0},"end":{"line":159,"column":18}},"159":{"start":{"line":160,"column":0},"end":{"line":160,"column":64}},"160":{"start":{"line":161,"column":0},"end":{"line":161,"column":10}},"161":{"start":{"line":162,"column":0},"end":{"line":162,"column":36}},"162":{"start":{"line":163,"column":0},"end":{"line":163,"column":80}},"164":{"start":{"line":165,"column":0},"end":{"line":165,"column":12}},"165":{"start":{"line":166,"column":0},"end":{"line":166,"column":44}},"166":{"start":{"line":167,"column":0},"end":{"line":167,"column":31}},"167":{"start":{"line":168,"column":0},"end":{"line":168,"column":47}},"168":{"start":{"line":169,"column":0},"end":{"line":169,"column":17}},"169":{"start":{"line":170,"column":0},"end":{"line":170,"column":61}},"171":{"start":{"line":172,"column":0},"end":{"line":172,"column":18}},"172":{"start":{"line":173,"column":0},"end":{"line":173,"column":17}},"173":{"start":{"line":174,"column":0},"end":{"line":174,"column":63}},"175":{"start":{"line":176,"column":0},"end":{"line":176,"column":18}},"176":{"start":{"line":177,"column":0},"end":{"line":177,"column":14}},"177":{"start":{"line":178,"column":0},"end":{"line":178,"column":27}},"178":{"start":{"line":179,"column":0},"end":{"line":179,"column":71}},"180":{"start":{"line":181,"column":0},"end":{"line":181,"column":12}},"182":{"start":{"line":183,"column":0},"end":{"line":183,"column":10}},"183":{"start":{"line":184,"column":0},"end":{"line":184,"column":83}},"185":{"start":{"line":186,"column":0},"end":{"line":186,"column":50}},"186":{"start":{"line":187,"column":0},"end":{"line":187,"column":28}},"187":{"start":{"line":188,"column":0},"end":{"line":188,"column":30}},"188":{"start":{"line":189,"column":0},"end":{"line":189,"column":40}},"189":{"start":{"line":190,"column":0},"end":{"line":190,"column":10}},"190":{"start":{"line":191,"column":0},"end":{"line":191,"column":67}},"191":{"start":{"line":192,"column":0},"end":{"line":192,"column":28}},"192":{"start":{"line":193,"column":0},"end":{"line":193,"column":72}},"194":{"start":{"line":195,"column":0},"end":{"line":195,"column":12}},"195":{"start":{"line":196,"column":0},"end":{"line":196,"column":44}},"196":{"start":{"line":197,"column":0},"end":{"line":197,"column":63}},"197":{"start":{"line":198,"column":0},"end":{"line":198,"column":14}},"198":{"start":{"line":199,"column":0},"end":{"line":199,"column":21}},"199":{"start":{"line":200,"column":0},"end":{"line":200,"column":29}},"200":{"start":{"line":201,"column":0},"end":{"line":201,"column":31}},"201":{"start":{"line":202,"column":0},"end":{"line":202,"column":49}},"202":{"start":{"line":203,"column":0},"end":{"line":203,"column":10}},"203":{"start":{"line":204,"column":0},"end":{"line":204,"column":35}},"204":{"start":{"line":205,"column":0},"end":{"line":205,"column":79}},"206":{"start":{"line":207,"column":0},"end":{"line":207,"column":12}},"207":{"start":{"line":208,"column":0},"end":{"line":208,"column":44}},"208":{"start":{"line":209,"column":0},"end":{"line":209,"column":52}},"209":{"start":{"line":210,"column":0},"end":{"line":210,"column":55}},"211":{"start":{"line":212,"column":0},"end":{"line":212,"column":16}},"212":{"start":{"line":213,"column":0},"end":{"line":213,"column":33}},"213":{"start":{"line":214,"column":0},"end":{"line":214,"column":77}},"215":{"start":{"line":216,"column":0},"end":{"line":216,"column":12}},"216":{"start":{"line":217,"column":0},"end":{"line":217,"column":46}},"217":{"start":{"line":218,"column":0},"end":{"line":218,"column":15}},"218":{"start":{"line":219,"column":0},"end":{"line":219,"column":23}},"219":{"start":{"line":220,"column":0},"end":{"line":220,"column":27}},"220":{"start":{"line":221,"column":0},"end":{"line":221,"column":45}},"221":{"start":{"line":222,"column":0},"end":{"line":222,"column":9}},"223":{"start":{"line":224,"column":0},"end":{"line":224,"column":17}},"224":{"start":{"line":225,"column":0},"end":{"line":225,"column":15}},"225":{"start":{"line":226,"column":0},"end":{"line":226,"column":23}},"226":{"start":{"line":227,"column":0},"end":{"line":227,"column":33}},"227":{"start":{"line":228,"column":0},"end":{"line":228,"column":45}},"229":{"start":{"line":230,"column":0},"end":{"line":230,"column":53}},"230":{"start":{"line":231,"column":0},"end":{"line":231,"column":17}},"231":{"start":{"line":232,"column":0},"end":{"line":232,"column":12}},"232":{"start":{"line":233,"column":0},"end":{"line":233,"column":11}},"234":{"start":{"line":235,"column":0},"end":{"line":235,"column":2}}},"s":{"0":1,"1":1,"2":1,"3":1,"4":1,"5":1,"6":1,"12":1,"13":14,"14":14,"16":14,"17":14,"18":14,"19":14,"21":14,"22":1,"23":1,"25":14,"26":4,"27":4,"28":4,"30":4,"32":4,"33":4,"35":4,"36":4,"39":4,"40":4,"41":4,"43":4,"44":4,"45":4,"46":4,"47":4,"48":4,"49":4,"50":4,"51":4,"52":4,"53":4,"54":4,"55":4,"56":4,"57":0,"58":4,"60":4,"61":4,"62":0,"63":0,"64":0,"65":0,"67":0,"68":0,"69":0,"70":0,"72":0,"73":4,"74":4,"75":4,"76":4,"77":31,"78":31,"79":31,"80":31,"81":4,"82":4,"83":4,"84":0,"85":0,"86":4,"87":4,"88":4,"89":4,"91":14,"92":14,"93":14,"94":14,"95":14,"96":14,"98":14,"99":14,"100":14,"101":14,"102":14,"103":14,"104":14,"105":14,"106":14,"107":14,"108":3,"110":14,"111":14,"112":14,"113":14,"114":14,"115":14,"116":14,"117":14,"118":14,"119":14,"120":14,"121":14,"122":14,"123":3,"125":14,"126":14,"127":14,"128":14,"129":14,"130":14,"131":14,"132":14,"133":14,"134":14,"135":14,"136":3,"138":14,"139":14,"140":14,"141":14,"142":14,"143":14,"144":14,"145":14,"146":14,"147":14,"148":14,"149":3,"151":14,"152":14,"153":14,"154":14,"155":14,"156":14,"157":14,"158":14,"159":14,"160":14,"161":14,"162":0,"164":14,"165":14,"166":14,"167":14,"168":14,"169":14,"171":14,"172":14,"173":14,"175":14,"176":14,"177":14,"178":3,"180":14,"182":14,"183":14,"185":14,"186":14,"187":14,"188":14,"189":14,"190":14,"191":14,"192":3,"194":14,"195":14,"196":14,"197":14,"198":14,"199":14,"200":14,"201":14,"202":14,"203":14,"204":4,"206":14,"207":14,"208":14,"209":14,"211":14,"212":14,"213":3,"215":14,"216":14,"217":14,"218":14,"219":14,"220":14,"221":14,"223":14,"224":14,"225":14,"226":14,"227":14,"229":14,"230":14,"231":14,"232":14,"234":14},"branchMap":{"0":{"type":"branch","line":13,"loc":{"start":{"line":13,"column":32},"end":{"line":235,"column":2}},"locations":[{"start":{"line":13,"column":32},"end":{"line":235,"column":2}}]},"1":{"type":"branch","line":106,"loc":{"start":{"line":106,"column":28},"end":{"line":106,"column":50}},"locations":[{"start":{"line":106,"column":28},"end":{"line":106,"column":50}}]},"2":{"type":"branch","line":106,"loc":{"start":{"line":106,"column":42},"end":{"line":106,"column":53}},"locations":[{"start":{"line":106,"column":42},"end":{"line":106,"column":53}}]},"3":{"type":"branch","line":108,"loc":{"start":{"line":108,"column":16},"end":{"line":109,"column":69}},"locations":[{"start":{"line":108,"column":16},"end":{"line":109,"column":69}}]},"4":{"type":"branch","line":121,"loc":{"start":{"line":121,"column":28},"end":{"line":121,"column":49}},"locations":[{"start":{"line":121,"column":28},"end":{"line":121,"column":49}}]},"5":{"type":"branch","line":121,"loc":{"start":{"line":121,"column":41},"end":{"line":121,"column":52}},"locations":[{"start":{"line":121,"column":41},"end":{"line":121,"column":52}}]},"6":{"type":"branch","line":123,"loc":{"start":{"line":123,"column":16},"end":{"line":124,"column":68}},"locations":[{"start":{"line":123,"column":16},"end":{"line":124,"column":68}}]},"7":{"type":"branch","line":134,"loc":{"start":{"line":134,"column":28},"end":{"line":134,"column":51}},"locations":[{"start":{"line":134,"column":28},"end":{"line":134,"column":51}}]},"8":{"type":"branch","line":134,"loc":{"start":{"line":134,"column":43},"end":{"line":134,"column":54}},"locations":[{"start":{"line":134,"column":43},"end":{"line":134,"column":54}}]},"9":{"type":"branch","line":136,"loc":{"start":{"line":136,"column":16},"end":{"line":137,"column":70}},"locations":[{"start":{"line":136,"column":16},"end":{"line":137,"column":70}}]},"10":{"type":"branch","line":147,"loc":{"start":{"line":147,"column":28},"end":{"line":147,"column":54}},"locations":[{"start":{"line":147,"column":28},"end":{"line":147,"column":54}}]},"11":{"type":"branch","line":147,"loc":{"start":{"line":147,"column":46},"end":{"line":147,"column":57}},"locations":[{"start":{"line":147,"column":46},"end":{"line":147,"column":57}}]},"12":{"type":"branch","line":149,"loc":{"start":{"line":149,"column":16},"end":{"line":150,"column":73}},"locations":[{"start":{"line":149,"column":16},"end":{"line":150,"column":73}}]},"13":{"type":"branch","line":160,"loc":{"start":{"line":160,"column":28},"end":{"line":160,"column":61}},"locations":[{"start":{"line":160,"column":28},"end":{"line":160,"column":61}}]},"14":{"type":"branch","line":162,"loc":{"start":{"line":162,"column":16},"end":{"line":163,"column":80}},"locations":[{"start":{"line":162,"column":16},"end":{"line":163,"column":80}}]},"15":{"type":"branch","line":178,"loc":{"start":{"line":178,"column":16},"end":{"line":179,"column":71}},"locations":[{"start":{"line":178,"column":16},"end":{"line":179,"column":71}}]},"16":{"type":"branch","line":184,"loc":{"start":{"line":184,"column":53},"end":{"line":184,"column":78}},"locations":[{"start":{"line":184,"column":53},"end":{"line":184,"column":78}}]},"17":{"type":"branch","line":184,"loc":{"start":{"line":184,"column":70},"end":{"line":184,"column":80}},"locations":[{"start":{"line":184,"column":70},"end":{"line":184,"column":80}}]},"18":{"type":"branch","line":192,"loc":{"start":{"line":192,"column":16},"end":{"line":193,"column":72}},"locations":[{"start":{"line":192,"column":16},"end":{"line":193,"column":72}}]},"19":{"type":"branch","line":204,"loc":{"start":{"line":204,"column":16},"end":{"line":205,"column":79}},"locations":[{"start":{"line":204,"column":16},"end":{"line":205,"column":79}}]},"20":{"type":"branch","line":213,"loc":{"start":{"line":213,"column":16},"end":{"line":214,"column":77}},"locations":[{"start":{"line":213,"column":16},"end":{"line":214,"column":77}}]},"21":{"type":"branch","line":230,"loc":{"start":{"line":230,"column":11},"end":{"line":230,"column":44}},"locations":[{"start":{"line":230,"column":11},"end":{"line":230,"column":44}}]},"22":{"type":"branch","line":230,"loc":{"start":{"line":230,"column":26},"end":{"line":230,"column":53}},"locations":[{"start":{"line":230,"column":26},"end":{"line":230,"column":53}}]},"23":{"type":"branch","line":20,"loc":{"start":{"line":20,"column":35},"end":{"line":20,"column":63}},"locations":[{"start":{"line":20,"column":35},"end":{"line":20,"column":63}}]},"24":{"type":"branch","line":22,"loc":{"start":{"line":22,"column":30},"end":{"line":24,"column":4}},"locations":[{"start":{"line":22,"column":30},"end":{"line":24,"column":4}}]},"25":{"type":"branch","line":26,"loc":{"start":{"line":26,"column":23},"end":{"line":90,"column":4}},"locations":[{"start":{"line":26,"column":23},"end":{"line":90,"column":4}}]},"26":{"type":"branch","line":31,"loc":{"start":{"line":31,"column":26},"end":{"line":31,"column":33}},"locations":[{"start":{"line":31,"column":26},"end":{"line":31,"column":33}}]},"27":{"type":"branch","line":57,"loc":{"start":{"line":57,"column":21},"end":{"line":58,"column":22}},"locations":[{"start":{"line":57,"column":21},"end":{"line":58,"column":22}}]},"28":{"type":"branch","line":62,"loc":{"start":{"line":62,"column":60},"end":{"line":74,"column":13}},"locations":[{"start":{"line":62,"column":60},"end":{"line":74,"column":13}}]},"29":{"type":"branch","line":84,"loc":{"start":{"line":84,"column":6},"end":{"line":86,"column":7}},"locations":[{"start":{"line":84,"column":6},"end":{"line":86,"column":7}}]},"30":{"type":"branch","line":36,"loc":{"start":{"line":36,"column":23},"end":{"line":42,"column":6}},"locations":[{"start":{"line":36,"column":23},"end":{"line":42,"column":6}}]},"31":{"type":"branch","line":77,"loc":{"start":{"line":77,"column":29},"end":{"line":82,"column":9}},"locations":[{"start":{"line":77,"column":29},"end":{"line":82,"column":9}}]}},"b":{"0":[14],"1":[3],"2":[11],"3":[3],"4":[3],"5":[11],"6":[3],"7":[3],"8":[11],"9":[3],"10":[3],"11":[11],"12":[3],"13":[0],"14":[0],"15":[3],"16":[3],"17":[11],"18":[3],"19":[4],"20":[3],"21":[4],"22":[10],"23":[14],"24":[1],"25":[4],"26":[0],"27":[0],"28":[0],"29":[0],"30":[4],"31":[31]},"fnMap":{"0":{"name":"UncontrolledForm","decl":{"start":{"line":13,"column":32},"end":{"line":235,"column":2}},"loc":{"start":{"line":13,"column":32},"end":{"line":235,"column":2}},"line":13},"1":{"name":"handleCountryChange","decl":{"start":{"line":22,"column":30},"end":{"line":24,"column":4}},"loc":{"start":{"line":22,"column":30},"end":{"line":24,"column":4}},"line":22},"2":{"name":"handleSubmit","decl":{"start":{"line":26,"column":23},"end":{"line":90,"column":4}},"loc":{"start":{"line":26,"column":23},"end":{"line":90,"column":4}},"line":26},"3":{"name":"isZodError","decl":{"start":{"line":36,"column":23},"end":{"line":42,"column":6}},"loc":{"start":{"line":36,"column":23},"end":{"line":42,"column":6}},"line":36}},"f":{"0":14,"1":1,"2":4,"3":4}}
,"D:\\repos\\rs-react-app\\src\\countries.ts": {"path":"D:\\repos\\rs-react-app\\src\\countries.ts","all":false,"statementMap":{"0":{"start":{"line":1,"column":0},"end":{"line":1,"column":56}}},"s":{"0":1},"branchMap":{},"b":{},"fnMap":{},"f":{}}
,"D:\\repos\\rs-react-app\\src\\fileToBase64.ts": {"path":"D:\\repos\\rs-react-app\\src\\fileToBase64.ts","all":false,"statementMap":{"0":{"start":{"line":1,"column":0},"end":{"line":1,"column":62}},"1":{"start":{"line":2,"column":0},"end":{"line":2,"column":43}},"2":{"start":{"line":3,"column":0},"end":{"line":3,"column":36}},"3":{"start":{"line":4,"column":0},"end":{"line":4,"column":31}},"4":{"start":{"line":5,"column":0},"end":{"line":5,"column":59}},"5":{"start":{"line":6,"column":0},"end":{"line":6,"column":46}},"6":{"start":{"line":7,"column":0},"end":{"line":7,"column":5}},"7":{"start":{"line":8,"column":0},"end":{"line":8,"column":2}}},"s":{"0":1,"1":2,"2":2,"3":2,"4":2,"5":2,"6":2,"7":2},"branchMap":{"0":{"type":"branch","line":1,"loc":{"start":{"line":1,"column":28},"end":{"line":8,"column":2}},"locations":[{"start":{"line":1,"column":28},"end":{"line":8,"column":2}}]},"1":{"type":"branch","line":2,"loc":{"start":{"line":2,"column":21},"end":{"line":7,"column":3}},"locations":[{"start":{"line":2,"column":21},"end":{"line":7,"column":3}}]},"2":{"type":"branch","line":5,"loc":{"start":{"line":5,"column":20},"end":{"line":5,"column":59}},"locations":[{"start":{"line":5,"column":20},"end":{"line":5,"column":59}}]},"3":{"type":"branch","line":6,"loc":{"start":{"line":6,"column":21},"end":{"line":6,"column":46}},"locations":[{"start":{"line":6,"column":21},"end":{"line":6,"column":46}}]}},"b":{"0":[2],"1":[2],"2":[1],"3":[1]},"fnMap":{"0":{"name":"fileToBase64","decl":{"start":{"line":1,"column":28},"end":{"line":8,"column":2}},"loc":{"start":{"line":1,"column":28},"end":{"line":8,"column":2}},"line":1},"1":{"name":"reader.onload","decl":{"start":{"line":5,"column":20},"end":{"line":5,"column":59}},"loc":{"start":{"line":5,"column":20},"end":{"line":5,"column":59}},"line":5},"2":{"name":"reader.onerror","decl":{"start":{"line":6,"column":21},"end":{"line":6,"column":46}},"loc":{"start":{"line":6,"column":21},"end":{"line":6,"column":46}},"line":6}},"f":{"0":2,"1":1,"2":1}}
,"D:\\repos\\rs-react-app\\src\\formSchema.ts": {"path":"D:\\repos\\rs-react-app\\src\\formSchema.ts","all":false,"statementMap":{"0":{"start":{"line":1,"column":0},"end":{"line":1,"column":24}},"1":{"start":{"line":2,"column":0},"end":{"line":2,"column":40}},"3":{"start":{"line":4,"column":0},"end":{"line":4,"column":64}},"4":{"start":{"line":5,"column":0},"end":{"line":5,"column":29}},"5":{"start":{"line":6,"column":0},"end":{"line":6,"column":77}},"6":{"start":{"line":7,"column":0},"end":{"line":7,"column":68}},"7":{"start":{"line":8,"column":0},"end":{"line":8,"column":2}},"9":{"start":{"line":10,"column":0},"end":{"line":10,"column":27}},"10":{"start":{"line":11,"column":0},"end":{"line":11,"column":11}},"11":{"start":{"line":12,"column":0},"end":{"line":12,"column":11}},"12":{"start":{"line":13,"column":0},"end":{"line":13,"column":15}},"13":{"start":{"line":14,"column":0},"end":{"line":14,"column":37}},"14":{"start":{"line":15,"column":0},"end":{"line":15,"column":34}},"15":{"start":{"line":16,"column":0},"end":{"line":16,"column":57}},"17":{"start":{"line":18,"column":0},"end":{"line":18,"column":10}},"18":{"start":{"line":19,"column":0},"end":{"line":19,"column":15}},"19":{"start":{"line":20,"column":0},"end":{"line":20,"column":35}},"20":{"start":{"line":21,"column":0},"end":{"line":21,"column":55}},"22":{"start":{"line":23,"column":0},"end":{"line":23,"column":50}},"24":{"start":{"line":25,"column":0},"end":{"line":25,"column":61}},"26":{"start":{"line":27,"column":0},"end":{"line":27,"column":32}},"28":{"start":{"line":29,"column":0},"end":{"line":29,"column":39}},"30":{"start":{"line":31,"column":0},"end":{"line":31,"column":14}},"31":{"start":{"line":32,"column":0},"end":{"line":32,"column":15}},"32":{"start":{"line":33,"column":0},"end":{"line":33,"column":31}},"33":{"start":{"line":34,"column":0},"end":{"line":34,"column":14}},"34":{"start":{"line":35,"column":0},"end":{"line":35,"column":41}},"35":{"start":{"line":36,"column":0},"end":{"line":36,"column":39}},"36":{"start":{"line":37,"column":0},"end":{"line":37,"column":8}},"38":{"start":{"line":39,"column":0},"end":{"line":39,"column":19}},"39":{"start":{"line":40,"column":0},"end":{"line":40,"column":16}},"40":{"start":{"line":41,"column":0},"end":{"line":41,"column":61}},"42":{"start":{"line":43,"column":0},"end":{"line":43,"column":21}},"43":{"start":{"line":44,"column":0},"end":{"line":44,"column":23}},"44":{"start":{"line":45,"column":0},"end":{"line":45,"column":17}},"45":{"start":{"line":46,"column":0},"end":{"line":46,"column":14}},"46":{"start":{"line":47,"column":0},"end":{"line":47,"column":56}},"47":{"start":{"line":48,"column":0},"end":{"line":48,"column":28}},"48":{"start":{"line":49,"column":0},"end":{"line":49,"column":7}},"49":{"start":{"line":50,"column":0},"end":{"line":50,"column":14}},"50":{"start":{"line":51,"column":0},"end":{"line":51,"column":17}},"51":{"start":{"line":52,"column":0},"end":{"line":52,"column":80}},"52":{"start":{"line":53,"column":0},"end":{"line":53,"column":30}},"53":{"start":{"line":54,"column":0},"end":{"line":54,"column":8}},"54":{"start":{"line":55,"column":0},"end":{"line":55,"column":4}},"55":{"start":{"line":56,"column":0},"end":{"line":56,"column":61}},"56":{"start":{"line":57,"column":0},"end":{"line":57,"column":42}},"57":{"start":{"line":58,"column":0},"end":{"line":58,"column":30}},"58":{"start":{"line":59,"column":0},"end":{"line":59,"column":4}},"59":{"start":{"line":60,"column":0},"end":{"line":60,"column":54}},"60":{"start":{"line":61,"column":0},"end":{"line":61,"column":12}},"61":{"start":{"line":62,"column":0},"end":{"line":62,"column":98}},"62":{"start":{"line":63,"column":0},"end":{"line":63,"column":23}},"63":{"start":{"line":64,"column":0},"end":{"line":64,"column":5}}},"s":{"0":1,"1":1,"3":1,"4":16,"5":16,"6":16,"7":16,"9":1,"10":1,"11":1,"12":1,"13":1,"14":1,"15":1,"17":1,"18":1,"19":1,"20":1,"22":1,"24":1,"26":1,"28":1,"30":1,"31":1,"32":1,"33":1,"34":1,"35":1,"36":1,"38":1,"39":1,"40":1,"42":1,"43":1,"44":1,"45":1,"46":1,"47":1,"48":1,"49":1,"50":1,"51":26,"52":1,"53":1,"54":1,"55":1,"56":1,"57":1,"58":1,"59":1,"60":1,"61":1,"62":1,"63":1},"branchMap":{"0":{"type":"branch","line":4,"loc":{"start":{"line":4,"column":32},"end":{"line":8,"column":2}},"locations":[{"start":{"line":4,"column":32},"end":{"line":8,"column":2}}]},"1":{"type":"branch","line":7,"loc":{"start":{"line":7,"column":42},"end":{"line":7,"column":68}},"locations":[{"start":{"line":7,"column":42},"end":{"line":7,"column":68}}]},"2":{"type":"branch","line":35,"loc":{"start":{"line":35,"column":8},"end":{"line":35,"column":41}},"locations":[{"start":{"line":35,"column":8},"end":{"line":35,"column":41}}]},"3":{"type":"branch","line":41,"loc":{"start":{"line":41,"column":14},"end":{"line":41,"column":37}},"locations":[{"start":{"line":41,"column":14},"end":{"line":41,"column":37}}]},"4":{"type":"branch","line":47,"loc":{"start":{"line":47,"column":8},"end":{"line":47,"column":56}},"locations":[{"start":{"line":47,"column":8},"end":{"line":47,"column":56}}]},"5":{"type":"branch","line":47,"loc":{"start":{"line":47,"column":19},"end":{"line":47,"column":56}},"locations":[{"start":{"line":47,"column":19},"end":{"line":47,"column":56}}]},"6":{"type":"branch","line":51,"loc":{"start":{"line":51,"column":8},"end":{"line":52,"column":80}},"locations":[{"start":{"line":51,"column":8},"end":{"line":52,"column":80}}]},"7":{"type":"branch","line":52,"loc":{"start":{"line":52,"column":11},"end":{"line":52,"column":80}},"locations":[{"start":{"line":52,"column":11},"end":{"line":52,"column":80}}]},"8":{"type":"branch","line":56,"loc":{"start":{"line":56,"column":10},"end":{"line":56,"column":60}},"locations":[{"start":{"line":56,"column":10},"end":{"line":56,"column":60}}]},"9":{"type":"branch","line":60,"loc":{"start":{"line":60,"column":10},"end":{"line":60,"column":53}},"locations":[{"start":{"line":60,"column":10},"end":{"line":60,"column":53}}]}},"b":{"0":[16],"1":[13],"2":[26],"3":[26],"4":[26],"5":[4],"6":[26],"7":[4],"8":[16],"9":[16]},"fnMap":{"0":{"name":"isStrongPassword","decl":{"start":{"line":4,"column":32},"end":{"line":8,"column":2}},"loc":{"start":{"line":4,"column":32},"end":{"line":8,"column":2}},"line":4},"1":{"name":"__vite_ssr_import_0__.z.object.refine.message","decl":{"start":{"line":56,"column":10},"end":{"line":56,"column":60}},"loc":{"start":{"line":56,"column":10},"end":{"line":56,"column":60}},"line":56},"2":{"name":"__vite_ssr_import_0__.z.object.refine.refine.message","decl":{"start":{"line":60,"column":10},"end":{"line":60,"column":53}},"loc":{"start":{"line":60,"column":10},"end":{"line":60,"column":53}},"line":60}},"f":{"0":16,"1":16,"2":16}}
,"D:\\repos\\rs-react-app\\src\\formStore.ts": {"path":"D:\\repos\\rs-react-app\\src\\formStore.ts","all":false,"statementMap":{"0":{"start":{"line":1,"column":0},"end":{"line":1,"column":33}},"15":{"start":{"line":16,"column":0},"end":{"line":16,"column":57}},"16":{"start":{"line":17,"column":0},"end":{"line":17,"column":15}},"17":{"start":{"line":18,"column":0},"end":{"line":18,"column":24}},"18":{"start":{"line":19,"column":0},"end":{"line":19,"column":21}},"19":{"start":{"line":20,"column":0},"end":{"line":20,"column":74}},"20":{"start":{"line":21,"column":0},"end":{"line":21,"column":8}},"21":{"start":{"line":22,"column":0},"end":{"line":22,"column":45}},"22":{"start":{"line":23,"column":0},"end":{"line":23,"column":4}}},"s":{"0":1,"15":1,"16":2,"17":2,"18":4,"19":4,"20":4,"21":2,"22":1},"branchMap":{"0":{"type":"branch","line":16,"loc":{"start":{"line":16,"column":46},"end":{"line":23,"column":2}},"locations":[{"start":{"line":16,"column":46},"end":{"line":23,"column":2}}]},"1":{"type":"branch","line":18,"loc":{"start":{"line":18,"column":15},"end":{"line":21,"column":8}},"locations":[{"start":{"line":18,"column":15},"end":{"line":21,"column":8}}]},"2":{"type":"branch","line":19,"loc":{"start":{"line":19,"column":8},"end":{"line":21,"column":6}},"locations":[{"start":{"line":19,"column":8},"end":{"line":21,"column":6}}]},"3":{"type":"branch","line":22,"loc":{"start":{"line":22,"column":17},"end":{"line":22,"column":45}},"locations":[{"start":{"line":22,"column":17},"end":{"line":22,"column":45}}]}},"b":{"0":[2],"1":[4],"2":[4],"3":[1]},"fnMap":{"0":{"name":"addFormData","decl":{"start":{"line":18,"column":15},"end":{"line":21,"column":8}},"loc":{"start":{"line":18,"column":15},"end":{"line":21,"column":8}},"line":18},"1":{"name":"clearFormData","decl":{"start":{"line":22,"column":17},"end":{"line":22,"column":45}},"loc":{"start":{"line":22,"column":17},"end":{"line":22,"column":45}},"line":22}},"f":{"0":4,"1":1}}
,"D:\\repos\\rs-react-app\\src\\validation.ts": {"path":"D:\\repos\\rs-react-app\\src\\validation.ts","all":false,"statementMap":{"0":{"start":{"line":1,"column":0},"end":{"line":1,"column":64}},"1":{"start":{"line":2,"column":0},"end":{"line":2,"column":29}},"2":{"start":{"line":3,"column":0},"end":{"line":3,"column":75}},"3":{"start":{"line":4,"column":0},"end":{"line":4,"column":44}},"4":{"start":{"line":5,"column":0},"end":{"line":5,"column":2}},"6":{"start":{"line":7,"column":0},"end":{"line":7,"column":60}},"7":{"start":{"line":8,"column":0},"end":{"line":8,"column":36}},"8":{"start":{"line":9,"column":0},"end":{"line":9,"column":37}},"9":{"start":{"line":10,"column":0},"end":{"line":10,"column":3}},"11":{"start":{"line":12,"column":0},"end":{"line":12,"column":70}},"12":{"start":{"line":13,"column":0},"end":{"line":13,"column":37}},"13":{"start":{"line":14,"column":0},"end":{"line":14,"column":3}},"15":{"start":{"line":16,"column":0},"end":{"line":16,"column":14}},"16":{"start":{"line":17,"column":0},"end":{"line":17,"column":2}}},"s":{"0":1,"1":0,"2":0,"3":0,"4":0,"6":1,"7":10,"8":1,"9":1,"11":10,"12":4,"13":4,"15":5,"16":5},"branchMap":{"0":{"type":"branch","line":7,"loc":{"start":{"line":7,"column":28},"end":{"line":17,"column":2}},"locations":[{"start":{"line":7,"column":28},"end":{"line":17,"column":2}}]},"1":{"type":"branch","line":8,"loc":{"start":{"line":8,"column":35},"end":{"line":10,"column":3}},"locations":[{"start":{"line":8,"column":35},"end":{"line":10,"column":3}}]},"2":{"type":"branch","line":10,"loc":{"start":{"line":10,"column":2},"end":{"line":12,"column":69}},"locations":[{"start":{"line":10,"column":2},"end":{"line":12,"column":69}}]},"3":{"type":"branch","line":12,"loc":{"start":{"line":12,"column":69},"end":{"line":14,"column":3}},"locations":[{"start":{"line":12,"column":69},"end":{"line":14,"column":3}}]},"4":{"type":"branch","line":14,"loc":{"start":{"line":14,"column":2},"end":{"line":17,"column":2}},"locations":[{"start":{"line":14,"column":2},"end":{"line":17,"column":2}}]}},"b":{"0":[10],"1":[1],"2":[9],"3":[4],"4":[5]},"fnMap":{"0":{"name":"isStrongPassword","decl":{"start":{"line":1,"column":32},"end":{"line":5,"column":2}},"loc":{"start":{"line":1,"column":32},"end":{"line":5,"column":2}},"line":1},"1":{"name":"validateFile","decl":{"start":{"line":7,"column":28},"end":{"line":17,"column":2}},"loc":{"start":{"line":7,"column":28},"end":{"line":17,"column":2}},"line":7}},"f":{"0":0,"1":10}}
}
