{
  "D:\\repos\\rs-react-app\\src\\App.tsx": {
    "path": "D:\\repos\\rs-react-app\\src\\App.tsx",
    "all": false,
    "statementMap": {
      "0": {
        "start": { "line": 1, "column": 0 },
        "end": { "line": 1, "column": 19 }
      },
      "1": {
        "start": { "line": 2, "column": 0 },
        "end": { "line": 2, "column": 34 }
      },
      "3": {
        "start": { "line": 4, "column": 0 },
        "end": { "line": 4, "column": 52 }
      },
      "12": {
        "start": { "line": 13, "column": 0 },
        "end": { "line": 13, "column": 54 }
      },
      "13": {
        "start": { "line": 14, "column": 0 },
        "end": { "line": 14, "column": 21 }
      },
      "14": {
        "start": { "line": 15, "column": 0 },
        "end": { "line": 15, "column": 24 }
      },
      "15": {
        "start": { "line": 16, "column": 0 },
        "end": { "line": 16, "column": 19 }
      },
      "16": {
        "start": { "line": 17, "column": 0 },
        "end": { "line": 17, "column": 16 }
      },
      "17": {
        "start": { "line": 18, "column": 0 },
        "end": { "line": 18, "column": 20 }
      },
      "18": {
        "start": { "line": 19, "column": 0 },
        "end": { "line": 19, "column": 4 }
      },
      "20": {
        "start": { "line": 21, "column": 0 },
        "end": { "line": 21, "column": 34 }
      },
      "21": {
        "start": { "line": 22, "column": 0 },
        "end": { "line": 22, "column": 44 }
      },
      "22": {
        "start": { "line": 23, "column": 0 },
        "end": { "line": 23, "column": 79 }
      },
      "24": {
        "start": { "line": 25, "column": 0 },
        "end": { "line": 25, "column": 21 }
      },
      "25": {
        "start": { "line": 26, "column": 0 },
        "end": { "line": 26, "column": 44 }
      },
      "26": {
        "start": { "line": 27, "column": 0 },
        "end": { "line": 27, "column": 68 }
      },
      "27": {
        "start": { "line": 28, "column": 0 },
        "end": { "line": 28, "column": 41 }
      },
      "28": {
        "start": { "line": 29, "column": 0 },
        "end": { "line": 29, "column": 54 }
      },
      "29": {
        "start": { "line": 30, "column": 0 },
        "end": { "line": 30, "column": 26 }
      },
      "30": {
        "start": { "line": 31, "column": 0 },
        "end": { "line": 31, "column": 5 }
      },
      "31": {
        "start": { "line": 32, "column": 0 },
        "end": { "line": 32, "column": 23 }
      },
      "32": {
        "start": { "line": 33, "column": 0 },
        "end": { "line": 33, "column": 4 }
      },
      "34": {
        "start": { "line": 35, "column": 0 },
        "end": { "line": 35, "column": 43 }
      },
      "35": {
        "start": { "line": 36, "column": 0 },
        "end": { "line": 36, "column": 9 }
      },
      "36": {
        "start": { "line": 37, "column": 0 },
        "end": { "line": 37, "column": 69 }
      },
      "37": {
        "start": { "line": 38, "column": 0 },
        "end": { "line": 38, "column": 19 }
      },
      "39": {
        "start": { "line": 40, "column": 0 },
        "end": { "line": 40, "column": 32 }
      },
      "40": {
        "start": { "line": 41, "column": 0 },
        "end": { "line": 41, "column": 58 }
      },
      "41": {
        "start": { "line": 42, "column": 0 },
        "end": { "line": 42, "column": 23 }
      },
      "42": {
        "start": { "line": 43, "column": 0 },
        "end": { "line": 43, "column": 37 }
      },
      "43": {
        "start": { "line": 44, "column": 0 },
        "end": { "line": 44, "column": 25 }
      },
      "44": {
        "start": { "line": 45, "column": 0 },
        "end": { "line": 45, "column": 11 }
      },
      "45": {
        "start": { "line": 46, "column": 0 },
        "end": { "line": 46, "column": 15 }
      },
      "46": {
        "start": { "line": 47, "column": 0 },
        "end": { "line": 47, "column": 14 }
      },
      "47": {
        "start": { "line": 48, "column": 0 },
        "end": { "line": 48, "column": 31 }
      },
      "48": {
        "start": { "line": 49, "column": 0 },
        "end": { "line": 49, "column": 75 }
      },
      "49": {
        "start": { "line": 50, "column": 0 },
        "end": { "line": 50, "column": 10 }
      },
      "50": {
        "start": { "line": 51, "column": 0 },
        "end": { "line": 51, "column": 7 }
      },
      "52": {
        "start": { "line": 53, "column": 0 },
        "end": { "line": 53, "column": 25 }
      },
      "53": {
        "start": { "line": 54, "column": 0 },
        "end": { "line": 54, "column": 35 }
      },
      "54": {
        "start": { "line": 55, "column": 0 },
        "end": { "line": 55, "column": 38 }
      },
      "55": {
        "start": { "line": 56, "column": 0 },
        "end": { "line": 56, "column": 56 }
      },
      "56": {
        "start": { "line": 57, "column": 0 },
        "end": { "line": 57, "column": 44 }
      },
      "57": {
        "start": { "line": 58, "column": 0 },
        "end": { "line": 58, "column": 40 }
      },
      "58": {
        "start": { "line": 59, "column": 0 },
        "end": { "line": 59, "column": 45 }
      },
      "59": {
        "start": { "line": 60, "column": 0 },
        "end": { "line": 60, "column": 51 }
      },
      "60": {
        "start": { "line": 61, "column": 0 },
        "end": { "line": 61, "column": 16 }
      },
      "61": {
        "start": { "line": 62, "column": 0 },
        "end": { "line": 62, "column": 61 }
      },
      "62": {
        "start": { "line": 63, "column": 0 },
        "end": { "line": 63, "column": 9 }
      },
      "63": {
        "start": { "line": 64, "column": 0 },
        "end": { "line": 64, "column": 38 }
      },
      "64": {
        "start": { "line": 65, "column": 0 },
        "end": { "line": 65, "column": 7 }
      },
      "65": {
        "start": { "line": 66, "column": 0 },
        "end": { "line": 66, "column": 41 }
      },
      "67": {
        "start": { "line": 68, "column": 0 },
        "end": { "line": 68, "column": 21 }
      },
      "68": {
        "start": { "line": 69, "column": 0 },
        "end": { "line": 69, "column": 28 }
      },
      "69": {
        "start": { "line": 70, "column": 0 },
        "end": { "line": 70, "column": 23 }
      },
      "70": {
        "start": { "line": 71, "column": 0 },
        "end": { "line": 71, "column": 9 }
      },
      "71": {
        "start": { "line": 72, "column": 0 },
        "end": { "line": 72, "column": 19 }
      },
      "72": {
        "start": { "line": 73, "column": 0 },
        "end": { "line": 73, "column": 21 }
      },
      "73": {
        "start": { "line": 74, "column": 0 },
        "end": { "line": 74, "column": 68 }
      },
      "74": {
        "start": { "line": 75, "column": 0 },
        "end": { "line": 75, "column": 28 }
      },
      "75": {
        "start": { "line": 76, "column": 0 },
        "end": { "line": 76, "column": 23 }
      },
      "76": {
        "start": { "line": 77, "column": 0 },
        "end": { "line": 77, "column": 9 }
      },
      "77": {
        "start": { "line": 78, "column": 0 },
        "end": { "line": 78, "column": 5 }
      },
      "78": {
        "start": { "line": 79, "column": 0 },
        "end": { "line": 79, "column": 4 }
      },
      "80": {
        "start": { "line": 81, "column": 0 },
        "end": { "line": 81, "column": 23 }
      },
      "81": {
        "start": { "line": 82, "column": 0 },
        "end": { "line": 82, "column": 79 }
      },
      "82": {
        "start": { "line": 83, "column": 0 },
        "end": { "line": 83, "column": 34 }
      },
      "83": {
        "start": { "line": 84, "column": 0 },
        "end": { "line": 84, "column": 3 }
      },
      "85": {
        "start": { "line": 86, "column": 0 },
        "end": { "line": 86, "column": 25 }
      },
      "86": {
        "start": { "line": 87, "column": 0 },
        "end": { "line": 87, "column": 19 }
      },
      "87": {
        "start": { "line": 88, "column": 0 },
        "end": { "line": 88, "column": 21 }
      },
      "88": {
        "start": { "line": 89, "column": 0 },
        "end": { "line": 89, "column": 53 }
      },
      "89": {
        "start": { "line": 90, "column": 0 },
        "end": { "line": 90, "column": 7 }
      },
      "90": {
        "start": { "line": 91, "column": 0 },
        "end": { "line": 91, "column": 4 }
      },
      "92": {
        "start": { "line": 93, "column": 0 },
        "end": { "line": 93, "column": 30 }
      },
      "93": {
        "start": { "line": 94, "column": 0 },
        "end": { "line": 94, "column": 35 }
      },
      "94": {
        "start": { "line": 95, "column": 0 },
        "end": { "line": 95, "column": 4 }
      },
      "96": {
        "start": { "line": 97, "column": 0 },
        "end": { "line": 97, "column": 12 }
      },
      "97": {
        "start": { "line": 98, "column": 0 },
        "end": { "line": 98, "column": 30 }
      },
      "98": {
        "start": { "line": 99, "column": 0 },
        "end": { "line": 99, "column": 67 }
      },
      "99": {
        "start": { "line": 100, "column": 0 },
        "end": { "line": 100, "column": 5 }
      },
      "101": {
        "start": { "line": 102, "column": 0 },
        "end": { "line": 102, "column": 12 }
      },
      "102": {
        "start": { "line": 103, "column": 0 },
        "end": { "line": 103, "column": 11 }
      },
      "103": {
        "start": { "line": 104, "column": 0 },
        "end": { "line": 104, "column": 48 }
      },
      "104": {
        "start": { "line": 105, "column": 0 },
        "end": { "line": 105, "column": 36 }
      },
      "105": {
        "start": { "line": 106, "column": 0 },
        "end": { "line": 106, "column": 32 }
      },
      "106": {
        "start": { "line": 107, "column": 0 },
        "end": { "line": 107, "column": 36 }
      },
      "107": {
        "start": { "line": 108, "column": 0 },
        "end": { "line": 108, "column": 44 }
      },
      "108": {
        "start": { "line": 109, "column": 0 },
        "end": { "line": 109, "column": 48 }
      },
      "109": {
        "start": { "line": 110, "column": 0 },
        "end": { "line": 110, "column": 8 }
      },
      "111": {
        "start": { "line": 112, "column": 0 },
        "end": { "line": 112, "column": 3 }
      },
      "112": {
        "start": { "line": 113, "column": 0 },
        "end": { "line": 113, "column": 1 }
      }
    },
    "s": {
      "0": 1,
      "1": 1,
      "3": 1,
      "12": 1,
      "13": 6,
      "14": 6,
      "15": 6,
      "16": 6,
      "17": 6,
      "18": 6,
      "20": 6,
      "21": 0,
      "22": 0,
      "24": 0,
      "25": 0,
      "26": 0,
      "27": 0,
      "28": 0,
      "29": 0,
      "30": 0,
      "31": 0,
      "32": 0,
      "34": 6,
      "35": 6,
      "36": 6,
      "37": 6,
      "39": 6,
      "40": 0,
      "41": 0,
      "42": 0,
      "43": 0,
      "44": 0,
      "45": 0,
      "46": 6,
      "47": 6,
      "48": 6,
      "49": 6,
      "50": 5,
      "52": 6,
      "53": 1,
      "54": 1,
      "55": 1,
      "56": 1,
      "57": 0,
      "58": 0,
      "59": 0,
      "60": 0,
      "61": 0,
      "62": 0,
      "63": 1,
      "64": 1,
      "65": 2,
      "67": 2,
      "68": 2,
      "69": 2,
      "70": 2,
      "71": 6,
      "72": 4,
      "73": 4,
      "74": 4,
      "75": 4,
      "76": 4,
      "77": 4,
      "78": 6,
      "80": 6,
      "81": 6,
      "82": 6,
      "83": 6,
      "85": 6,
      "86": 0,
      "87": 0,
      "88": 0,
      "89": 0,
      "90": 0,
      "92": 6,
      "93": 0,
      "94": 0,
      "96": 6,
      "97": 15,
      "98": 0,
      "99": 0,
      "101": 15,
      "102": 15,
      "103": 15,
      "104": 15,
      "105": 15,
      "106": 15,
      "107": 15,
      "108": 15,
      "109": 15,
      "111": 15,
      "112": 6
    },
    "branchMap": {
      "0": {
        "type": "branch",
        "line": 13,
        "loc": {
          "start": { "line": 13, "column": 53 },
          "end": { "line": 113, "column": 1 }
        },
        "locations": [
          {
            "start": { "line": 13, "column": 53 },
            "end": { "line": 113, "column": 1 }
          }
        ]
      },
      "1": {
        "type": "branch",
        "line": 35,
        "loc": {
          "start": { "line": 35, "column": 17 },
          "end": { "line": 79, "column": 4 }
        },
        "locations": [
          {
            "start": { "line": 35, "column": 17 },
            "end": { "line": 79, "column": 4 }
          }
        ]
      },
      "2": {
        "type": "branch",
        "line": 40,
        "loc": {
          "start": { "line": 40, "column": 31 },
          "end": { "line": 47, "column": 13 }
        },
        "locations": [
          {
            "start": { "line": 40, "column": 31 },
            "end": { "line": 47, "column": 13 }
          }
        ]
      },
      "3": {
        "type": "branch",
        "line": 50,
        "loc": {
          "start": { "line": 50, "column": 8 },
          "end": { "line": 53, "column": 24 }
        },
        "locations": [
          {
            "start": { "line": 50, "column": 8 },
            "end": { "line": 53, "column": 24 }
          }
        ]
      },
      "4": {
        "type": "branch",
        "line": 53,
        "loc": {
          "start": { "line": 53, "column": 24 },
          "end": { "line": 65, "column": 7 }
        },
        "locations": [
          {
            "start": { "line": 53, "column": 24 },
            "end": { "line": 65, "column": 7 }
          }
        ]
      },
      "5": {
        "type": "branch",
        "line": 57,
        "loc": {
          "start": { "line": 57, "column": 8 },
          "end": { "line": 63, "column": 9 }
        },
        "locations": [
          {
            "start": { "line": 57, "column": 8 },
            "end": { "line": 63, "column": 9 }
          }
        ]
      },
      "6": {
        "type": "branch",
        "line": 65,
        "loc": {
          "start": { "line": 65, "column": 6 },
          "end": { "line": 72, "column": 13 }
        },
        "locations": [
          {
            "start": { "line": 65, "column": 6 },
            "end": { "line": 72, "column": 13 }
          }
        ]
      },
      "7": {
        "type": "branch",
        "line": 72,
        "loc": {
          "start": { "line": 72, "column": 4 },
          "end": { "line": 78, "column": 5 }
        },
        "locations": [
          {
            "start": { "line": 72, "column": 4 },
            "end": { "line": 78, "column": 5 }
          }
        ]
      },
      "8": {
        "type": "branch",
        "line": 74,
        "loc": {
          "start": { "line": 74, "column": 42 },
          "end": { "line": 74, "column": 68 }
        },
        "locations": [
          {
            "start": { "line": 74, "column": 42 },
            "end": { "line": 74, "column": 68 }
          }
        ]
      },
      "9": {
        "type": "branch",
        "line": 81,
        "loc": {
          "start": { "line": 81, "column": 2 },
          "end": { "line": 84, "column": 3 }
        },
        "locations": [
          {
            "start": { "line": 81, "column": 2 },
            "end": { "line": 84, "column": 3 }
          }
        ]
      },
      "10": {
        "type": "branch",
        "line": 82,
        "loc": {
          "start": { "line": 82, "column": 71 },
          "end": { "line": 82, "column": 79 }
        },
        "locations": [
          {
            "start": { "line": 82, "column": 71 },
            "end": { "line": 82, "column": 79 }
          }
        ]
      },
      "11": {
        "type": "branch",
        "line": 97,
        "loc": {
          "start": { "line": 97, "column": 2 },
          "end": { "line": 112, "column": 3 }
        },
        "locations": [
          {
            "start": { "line": 97, "column": 2 },
            "end": { "line": 112, "column": 3 }
          }
        ]
      },
      "12": {
        "type": "branch",
        "line": 98,
        "loc": {
          "start": { "line": 98, "column": 29 },
          "end": { "line": 100, "column": 5 }
        },
        "locations": [
          {
            "start": { "line": 98, "column": 29 },
            "end": { "line": 100, "column": 5 }
          }
        ]
      }
    },
    "b": {
      "0": [6],
      "1": [6],
      "2": [0],
      "3": [5],
      "4": [1],
      "5": [0],
      "6": [2],
      "7": [4],
      "8": [0],
      "9": [6],
      "10": [0],
      "11": [15],
      "12": [0]
    },
    "fnMap": {
      "0": {
        "name": "<instance_members_initializer>",
        "decl": {
          "start": { "line": 13, "column": 53 },
          "end": { "line": 113, "column": 1 }
        },
        "loc": {
          "start": { "line": 13, "column": 53 },
          "end": { "line": 113, "column": 1 }
        },
        "line": 13
      },
      "1": {
        "name": "fetchAllPokemons",
        "decl": {
          "start": { "line": 21, "column": 21 },
          "end": { "line": 33, "column": 4 }
        },
        "loc": {
          "start": { "line": 21, "column": 21 },
          "end": { "line": 33, "column": 4 }
        },
        "line": 21
      },
      "2": {
        "name": "handleSearch",
        "decl": {
          "start": { "line": 35, "column": 17 },
          "end": { "line": 79, "column": 4 }
        },
        "loc": {
          "start": { "line": 35, "column": 17 },
          "end": { "line": 79, "column": 4 }
        },
        "line": 35
      },
      "3": {
        "name": "componentDidMount",
        "decl": {
          "start": { "line": 81, "column": 2 },
          "end": { "line": 84, "column": 3 }
        },
        "loc": {
          "start": { "line": 81, "column": 2 },
          "end": { "line": 84, "column": 3 }
        },
        "line": 81
      },
      "4": {
        "name": "makeTestError",
        "decl": {
          "start": { "line": 86, "column": 18 },
          "end": { "line": 91, "column": 4 }
        },
        "loc": {
          "start": { "line": 86, "column": 18 },
          "end": { "line": 91, "column": 4 }
        },
        "line": 86
      },
      "5": {
        "name": "handleDismissError",
        "decl": {
          "start": { "line": 93, "column": 23 },
          "end": { "line": 95, "column": 4 }
        },
        "loc": {
          "start": { "line": 93, "column": 23 },
          "end": { "line": 95, "column": 4 }
        },
        "line": 93
      },
      "6": {
        "name": "render",
        "decl": {
          "start": { "line": 97, "column": 2 },
          "end": { "line": 112, "column": 3 }
        },
        "loc": {
          "start": { "line": 97, "column": 2 },
          "end": { "line": 112, "column": 3 }
        },
        "line": 97
      }
    },
    "f": { "0": 6, "1": 0, "2": 6, "3": 6, "4": 0, "5": 0, "6": 15 }
  },
  "D:\\repos\\rs-react-app\\src\\main.tsx": {
    "path": "D:\\repos\\rs-react-app\\src\\main.tsx",
    "all": true,
    "statementMap": {
      "0": {
        "start": { "line": 1, "column": 0 },
        "end": { "line": 1, "column": 35 }
      },
      "1": {
        "start": { "line": 2, "column": 0 },
        "end": { "line": 2, "column": 46 }
      },
      "2": {
        "start": { "line": 3, "column": 0 },
        "end": { "line": 3, "column": 21 }
      },
      "3": {
        "start": { "line": 4, "column": 0 },
        "end": { "line": 4, "column": 32 }
      },
      "4": {
        "start": { "line": 5, "column": 0 },
        "end": { "line": 5, "column": 78 }
      },
      "6": {
        "start": { "line": 7, "column": 0 },
        "end": { "line": 7, "column": 52 }
      },
      "7": {
        "start": { "line": 8, "column": 0 },
        "end": { "line": 8, "column": 60 }
      },
      "8": {
        "start": { "line": 9, "column": 0 },
        "end": { "line": 9, "column": 31 }
      },
      "9": {
        "start": { "line": 10, "column": 0 },
        "end": { "line": 10, "column": 14 }
      },
      "10": {
        "start": { "line": 11, "column": 0 },
        "end": { "line": 11, "column": 19 }
      },
      "11": {
        "start": { "line": 12, "column": 0 },
        "end": { "line": 12, "column": 13 }
      },
      "12": {
        "start": { "line": 13, "column": 0 },
        "end": { "line": 13, "column": 20 }
      },
      "13": {
        "start": { "line": 14, "column": 0 },
        "end": { "line": 14, "column": 15 }
      },
      "14": {
        "start": { "line": 15, "column": 0 },
        "end": { "line": 15, "column": 2 }
      }
    },
    "s": {
      "0": 0,
      "1": 0,
      "2": 0,
      "3": 0,
      "4": 0,
      "6": 0,
      "7": 0,
      "8": 0,
      "9": 0,
      "10": 0,
      "11": 0,
      "12": 0,
      "13": 0,
      "14": 0
    },
    "branchMap": {
      "0": {
        "type": "branch",
        "line": 1,
        "loc": {
          "start": { "line": 1, "column": 405 },
          "end": { "line": 15, "column": -313 }
        },
        "locations": [
          {
            "start": { "line": 1, "column": 405 },
            "end": { "line": 15, "column": -313 }
          }
        ]
      }
    },
    "b": { "0": [0] },
    "fnMap": {
      "0": {
        "name": "(empty-report)",
        "decl": {
          "start": { "line": 1, "column": 405 },
          "end": { "line": 15, "column": -313 }
        },
        "loc": {
          "start": { "line": 1, "column": 405 },
          "end": { "line": 15, "column": -313 }
        },
        "line": 1
      }
    },
    "f": { "0": 0 }
  },
  "D:\\repos\\rs-react-app\\src\\pokemonTypes.ts": {
    "path": "D:\\repos\\rs-react-app\\src\\pokemonTypes.ts",
    "all": true,
    "statementMap": {},
    "s": {},
    "branchMap": {
      "0": {
        "type": "branch",
        "line": 1,
        "loc": {
          "start": { "line": 1, "column": 645 },
          "end": { "line": 42, "column": 1 }
        },
        "locations": [
          {
            "start": { "line": 1, "column": 645 },
            "end": { "line": 42, "column": 1 }
          }
        ]
      }
    },
    "b": { "0": [1] },
    "fnMap": {
      "0": {
        "name": "(empty-report)",
        "decl": {
          "start": { "line": 1, "column": 645 },
          "end": { "line": 42, "column": 1 }
        },
        "loc": {
          "start": { "line": 1, "column": 645 },
          "end": { "line": 42, "column": 1 }
        },
        "line": 1
      }
    },
    "f": { "0": 1 }
  },
  "D:\\repos\\rs-react-app\\src\\components\\controls\\controls.tsx": {
    "path": "D:\\repos\\rs-react-app\\src\\components\\controls\\controls.tsx",
    "all": false,
    "statementMap": {
      "0": {
        "start": { "line": 1, "column": 0 },
        "end": { "line": 1, "column": 34 }
      },
      "1": {
        "start": { "line": 2, "column": 0 },
        "end": { "line": 2, "column": 40 }
      },
      "2": {
        "start": { "line": 3, "column": 0 },
        "end": { "line": 3, "column": 41 }
      },
      "8": {
        "start": { "line": 9, "column": 0 },
        "end": { "line": 9, "column": 56 }
      },
      "9": {
        "start": { "line": 10, "column": 0 },
        "end": { "line": 10, "column": 12 }
      },
      "10": {
        "start": { "line": 11, "column": 0 },
        "end": { "line": 11, "column": 12 }
      },
      "11": {
        "start": { "line": 12, "column": 0 },
        "end": { "line": 12, "column": 39 }
      },
      "12": {
        "start": { "line": 13, "column": 0 },
        "end": { "line": 13, "column": 52 }
      },
      "13": {
        "start": { "line": 14, "column": 0 },
        "end": { "line": 14, "column": 51 }
      },
      "14": {
        "start": { "line": 15, "column": 0 },
        "end": { "line": 15, "column": 14 }
      },
      "15": {
        "start": { "line": 16, "column": 0 },
        "end": { "line": 16, "column": 12 }
      },
      "17": {
        "start": { "line": 18, "column": 0 },
        "end": { "line": 18, "column": 3 }
      },
      "18": {
        "start": { "line": 19, "column": 0 },
        "end": { "line": 19, "column": 1 }
      }
    },
    "s": {
      "0": 1,
      "1": 1,
      "2": 1,
      "8": 1,
      "9": 1,
      "10": 5,
      "11": 5,
      "12": 5,
      "13": 5,
      "14": 5,
      "15": 5,
      "17": 5,
      "18": 1
    },
    "branchMap": {
      "0": {
        "type": "branch",
        "line": 10,
        "loc": {
          "start": { "line": 10, "column": 2 },
          "end": { "line": 18, "column": 3 }
        },
        "locations": [
          {
            "start": { "line": 10, "column": 2 },
            "end": { "line": 18, "column": 3 }
          }
        ]
      }
    },
    "b": { "0": [5] },
    "fnMap": {
      "0": {
        "name": "render",
        "decl": {
          "start": { "line": 10, "column": 2 },
          "end": { "line": 18, "column": 3 }
        },
        "loc": {
          "start": { "line": 10, "column": 2 },
          "end": { "line": 18, "column": 3 }
        },
        "line": 10
      }
    },
    "f": { "0": 5 }
  },
  "D:\\repos\\rs-react-app\\src\\components\\controls\\search-class.tsx": {
    "path": "D:\\repos\\rs-react-app\\src\\components\\controls\\search-class.tsx",
    "all": false,
    "statementMap": {
      "0": {
        "start": { "line": 1, "column": 0 },
        "end": { "line": 1, "column": 68 }
      },
      "1": {
        "start": { "line": 2, "column": 0 },
        "end": { "line": 2, "column": 41 }
      },
      "11": {
        "start": { "line": 12, "column": 0 },
        "end": { "line": 12, "column": 65 }
      },
      "12": {
        "start": { "line": 13, "column": 0 },
        "end": { "line": 13, "column": 34 }
      },
      "13": {
        "start": { "line": 14, "column": 0 },
        "end": { "line": 14, "column": 61 }
      },
      "14": {
        "start": { "line": 15, "column": 0 },
        "end": { "line": 15, "column": 4 }
      },
      "16": {
        "start": { "line": 17, "column": 0 },
        "end": { "line": 17, "column": 30 }
      },
      "17": {
        "start": { "line": 18, "column": 0 },
        "end": { "line": 18, "column": 67 }
      },
      "18": {
        "start": { "line": 19, "column": 0 },
        "end": { "line": 19, "column": 4 }
      },
      "20": {
        "start": { "line": 21, "column": 0 },
        "end": { "line": 21, "column": 24 }
      },
      "21": {
        "start": { "line": 22, "column": 0 },
        "end": { "line": 22, "column": 42 }
      },
      "22": {
        "start": { "line": 23, "column": 0 },
        "end": { "line": 23, "column": 4 }
      },
      "24": {
        "start": { "line": 25, "column": 0 },
        "end": { "line": 25, "column": 29 }
      },
      "25": {
        "start": { "line": 26, "column": 0 },
        "end": { "line": 26, "column": 41 }
      },
      "26": {
        "start": { "line": 27, "column": 0 },
        "end": { "line": 27, "column": 21 }
      },
      "27": {
        "start": { "line": 28, "column": 0 },
        "end": { "line": 28, "column": 50 }
      },
      "28": {
        "start": { "line": 29, "column": 0 },
        "end": { "line": 29, "column": 5 }
      },
      "29": {
        "start": { "line": 30, "column": 0 },
        "end": { "line": 30, "column": 3 }
      },
      "31": {
        "start": { "line": 32, "column": 0 },
        "end": { "line": 32, "column": 63 }
      },
      "32": {
        "start": { "line": 33, "column": 0 },
        "end": { "line": 33, "column": 43 }
      },
      "33": {
        "start": { "line": 34, "column": 0 },
        "end": { "line": 34, "column": 49 }
      },
      "34": {
        "start": { "line": 35, "column": 0 },
        "end": { "line": 35, "column": 4 }
      },
      "36": {
        "start": { "line": 37, "column": 0 },
        "end": { "line": 37, "column": 44 }
      },
      "37": {
        "start": { "line": 38, "column": 0 },
        "end": { "line": 38, "column": 27 }
      },
      "38": {
        "start": { "line": 39, "column": 0 },
        "end": { "line": 39, "column": 56 }
      },
      "39": {
        "start": { "line": 40, "column": 0 },
        "end": { "line": 40, "column": 33 }
      },
      "40": {
        "start": { "line": 41, "column": 0 },
        "end": { "line": 41, "column": 38 }
      },
      "41": {
        "start": { "line": 42, "column": 0 },
        "end": { "line": 42, "column": 4 }
      },
      "43": {
        "start": { "line": 44, "column": 0 },
        "end": { "line": 44, "column": 12 }
      },
      "44": {
        "start": { "line": 45, "column": 0 },
        "end": { "line": 45, "column": 12 }
      },
      "45": {
        "start": { "line": 46, "column": 0 },
        "end": { "line": 46, "column": 11 }
      },
      "46": {
        "start": { "line": 47, "column": 0 },
        "end": { "line": 47, "column": 46 }
      },
      "47": {
        "start": { "line": 48, "column": 0 },
        "end": { "line": 48, "column": 40 }
      },
      "49": {
        "start": { "line": 50, "column": 0 },
        "end": { "line": 50, "column": 14 }
      },
      "50": {
        "start": { "line": 51, "column": 0 },
        "end": { "line": 51, "column": 21 }
      },
      "51": {
        "start": { "line": 52, "column": 0 },
        "end": { "line": 52, "column": 27 }
      },
      "52": {
        "start": { "line": 53, "column": 0 },
        "end": { "line": 53, "column": 48 }
      },
      "53": {
        "start": { "line": 54, "column": 0 },
        "end": { "line": 54, "column": 41 }
      },
      "54": {
        "start": { "line": 55, "column": 0 },
        "end": { "line": 55, "column": 41 }
      },
      "55": {
        "start": { "line": 56, "column": 0 },
        "end": { "line": 56, "column": 10 }
      },
      "56": {
        "start": { "line": 57, "column": 0 },
        "end": { "line": 57, "column": 53 }
      },
      "57": {
        "start": { "line": 58, "column": 0 },
        "end": { "line": 58, "column": 13 }
      },
      "59": {
        "start": { "line": 60, "column": 0 },
        "end": { "line": 60, "column": 3 }
      },
      "60": {
        "start": { "line": 61, "column": 0 },
        "end": { "line": 61, "column": 1 }
      }
    },
    "s": {
      "0": 1,
      "1": 1,
      "11": 1,
      "12": 7,
      "13": 1,
      "14": 1,
      "16": 7,
      "17": 14,
      "18": 14,
      "20": 7,
      "21": 7,
      "22": 7,
      "24": 7,
      "25": 7,
      "26": 7,
      "27": 1,
      "28": 1,
      "29": 7,
      "31": 7,
      "32": 1,
      "33": 1,
      "34": 1,
      "36": 7,
      "37": 1,
      "38": 1,
      "39": 1,
      "40": 1,
      "41": 1,
      "43": 7,
      "44": 9,
      "45": 9,
      "46": 9,
      "47": 9,
      "49": 9,
      "50": 9,
      "51": 9,
      "52": 9,
      "53": 9,
      "54": 9,
      "55": 9,
      "56": 9,
      "57": 9,
      "59": 9,
      "60": 7
    },
    "branchMap": {
      "0": {
        "type": "branch",
        "line": 12,
        "loc": {
          "start": { "line": 12, "column": 64 },
          "end": { "line": 61, "column": 1 }
        },
        "locations": [
          {
            "start": { "line": 12, "column": 64 },
            "end": { "line": 61, "column": 1 }
          }
        ]
      },
      "1": {
        "type": "branch",
        "line": 22,
        "loc": {
          "start": { "line": 22, "column": 34 },
          "end": { "line": 22, "column": 42 }
        },
        "locations": [
          {
            "start": { "line": 22, "column": 34 },
            "end": { "line": 22, "column": 42 }
          }
        ]
      },
      "2": {
        "type": "branch",
        "line": 13,
        "loc": {
          "start": { "line": 13, "column": 14 },
          "end": { "line": 15, "column": 4 }
        },
        "locations": [
          {
            "start": { "line": 13, "column": 14 },
            "end": { "line": 15, "column": 4 }
          }
        ]
      },
      "3": {
        "type": "branch",
        "line": 17,
        "loc": {
          "start": { "line": 17, "column": 15 },
          "end": { "line": 19, "column": 4 }
        },
        "locations": [
          {
            "start": { "line": 17, "column": 15 },
            "end": { "line": 19, "column": 4 }
          }
        ]
      },
      "4": {
        "type": "branch",
        "line": 18,
        "loc": {
          "start": { "line": 18, "column": 59 },
          "end": { "line": 18, "column": 67 }
        },
        "locations": [
          {
            "start": { "line": 18, "column": 59 },
            "end": { "line": 18, "column": 67 }
          }
        ]
      },
      "5": {
        "type": "branch",
        "line": 25,
        "loc": {
          "start": { "line": 25, "column": 2 },
          "end": { "line": 30, "column": 3 }
        },
        "locations": [
          {
            "start": { "line": 25, "column": 2 },
            "end": { "line": 30, "column": 3 }
          }
        ]
      },
      "6": {
        "type": "branch",
        "line": 27,
        "loc": {
          "start": { "line": 27, "column": 20 },
          "end": { "line": 29, "column": 5 }
        },
        "locations": [
          {
            "start": { "line": 27, "column": 20 },
            "end": { "line": 29, "column": 5 }
          }
        ]
      },
      "7": {
        "type": "branch",
        "line": 32,
        "loc": {
          "start": { "line": 32, "column": 20 },
          "end": { "line": 35, "column": 4 }
        },
        "locations": [
          {
            "start": { "line": 32, "column": 20 },
            "end": { "line": 35, "column": 4 }
          }
        ]
      },
      "8": {
        "type": "branch",
        "line": 37,
        "loc": {
          "start": { "line": 37, "column": 21 },
          "end": { "line": 42, "column": 4 }
        },
        "locations": [
          {
            "start": { "line": 37, "column": 21 },
            "end": { "line": 42, "column": 4 }
          }
        ]
      },
      "9": {
        "type": "branch",
        "line": 44,
        "loc": {
          "start": { "line": 44, "column": 2 },
          "end": { "line": 60, "column": 3 }
        },
        "locations": [
          {
            "start": { "line": 44, "column": 2 },
            "end": { "line": 60, "column": 3 }
          }
        ]
      }
    },
    "b": {
      "0": [7],
      "1": [6],
      "2": [1],
      "3": [14],
      "4": [12],
      "5": [7],
      "6": [1],
      "7": [1],
      "8": [1],
      "9": [9]
    },
    "fnMap": {
      "0": {
        "name": "<instance_members_initializer>",
        "decl": {
          "start": { "line": 12, "column": 64 },
          "end": { "line": 61, "column": 1 }
        },
        "loc": {
          "start": { "line": 12, "column": 64 },
          "end": { "line": 61, "column": 1 }
        },
        "line": 12
      },
      "1": {
        "name": "writeToLS",
        "decl": {
          "start": { "line": 13, "column": 14 },
          "end": { "line": 15, "column": 4 }
        },
        "loc": {
          "start": { "line": 13, "column": 14 },
          "end": { "line": 15, "column": 4 }
        },
        "line": 13
      },
      "2": {
        "name": "readFromLS",
        "decl": {
          "start": { "line": 17, "column": 15 },
          "end": { "line": 19, "column": 4 }
        },
        "loc": {
          "start": { "line": 17, "column": 15 },
          "end": { "line": 19, "column": 4 }
        },
        "line": 17
      },
      "3": {
        "name": "componentDidMount",
        "decl": {
          "start": { "line": 25, "column": 2 },
          "end": { "line": 30, "column": 3 }
        },
        "loc": {
          "start": { "line": 25, "column": 2 },
          "end": { "line": 30, "column": 3 }
        },
        "line": 25
      },
      "4": {
        "name": "handleFormInput",
        "decl": {
          "start": { "line": 32, "column": 20 },
          "end": { "line": 35, "column": 4 }
        },
        "loc": {
          "start": { "line": 32, "column": 20 },
          "end": { "line": 35, "column": 4 }
        },
        "line": 32
      },
      "5": {
        "name": "handleFormSubmit",
        "decl": {
          "start": { "line": 37, "column": 21 },
          "end": { "line": 42, "column": 4 }
        },
        "loc": {
          "start": { "line": 37, "column": 21 },
          "end": { "line": 42, "column": 4 }
        },
        "line": 37
      },
      "6": {
        "name": "render",
        "decl": {
          "start": { "line": 44, "column": 2 },
          "end": { "line": 60, "column": 3 }
        },
        "loc": {
          "start": { "line": 44, "column": 2 },
          "end": { "line": 60, "column": 3 }
        },
        "line": 44
      }
    },
    "f": { "0": 7, "1": 1, "2": 14, "3": 7, "4": 1, "5": 1, "6": 9 }
  },
  "D:\\repos\\rs-react-app\\src\\components\\error-boundary\\errorBoundary.tsx": {
    "path": "D:\\repos\\rs-react-app\\src\\components\\error-boundary\\errorBoundary.tsx",
    "all": false,
    "statementMap": {
      "0": {
        "start": { "line": 1, "column": 0 },
        "end": { "line": 1, "column": 34 }
      },
      "2": {
        "start": { "line": 3, "column": 0 },
        "end": { "line": 3, "column": 41 }
      },
      "14": {
        "start": { "line": 15, "column": 0 },
        "end": { "line": 15, "column": 45 }
      },
      "17": {
        "start": { "line": 18, "column": 0 },
        "end": { "line": 18, "column": 3 }
      },
      "18": {
        "start": { "line": 19, "column": 0 },
        "end": { "line": 19, "column": 31 }
      },
      "19": {
        "start": { "line": 20, "column": 0 },
        "end": { "line": 20, "column": 20 }
      },
      "20": {
        "start": { "line": 21, "column": 0 },
        "end": { "line": 21, "column": 16 }
      },
      "21": {
        "start": { "line": 22, "column": 0 },
        "end": { "line": 22, "column": 20 }
      },
      "22": {
        "start": { "line": 23, "column": 0 },
        "end": { "line": 23, "column": 4 }
      },
      "24": {
        "start": { "line": 25, "column": 0 },
        "end": { "line": 25, "column": 78 }
      },
      "25": {
        "start": { "line": 26, "column": 0 },
        "end": { "line": 26, "column": 37 }
      },
      "26": {
        "start": { "line": 27, "column": 0 },
        "end": { "line": 27, "column": 3 }
      },
      "28": {
        "start": { "line": 29, "column": 0 },
        "end": { "line": 29, "column": 63 }
      },
      "29": {
        "start": { "line": 30, "column": 0 },
        "end": { "line": 30, "column": 62 }
      },
      "30": {
        "start": { "line": 31, "column": 0 },
        "end": { "line": 31, "column": 33 }
      },
      "31": {
        "start": { "line": 32, "column": 0 },
        "end": { "line": 32, "column": 3 }
      },
      "33": {
        "start": { "line": 34, "column": 0 },
        "end": { "line": 34, "column": 29 }
      },
      "34": {
        "start": { "line": 35, "column": 0 },
        "end": { "line": 35, "column": 69 }
      },
      "35": {
        "start": { "line": 36, "column": 0 },
        "end": { "line": 36, "column": 4 }
      },
      "37": {
        "start": { "line": 38, "column": 0 },
        "end": { "line": 38, "column": 12 }
      },
      "38": {
        "start": { "line": 39, "column": 0 },
        "end": { "line": 39, "column": 30 }
      },
      "39": {
        "start": { "line": 40, "column": 0 },
        "end": { "line": 40, "column": 14 }
      },
      "40": {
        "start": { "line": 41, "column": 0 },
        "end": { "line": 41, "column": 48 }
      },
      "41": {
        "start": { "line": 42, "column": 0 },
        "end": { "line": 42, "column": 49 }
      },
      "42": {
        "start": { "line": 43, "column": 0 },
        "end": { "line": 43, "column": 55 }
      },
      "43": {
        "start": { "line": 44, "column": 0 },
        "end": { "line": 44, "column": 17 }
      },
      "44": {
        "start": { "line": 45, "column": 0 },
        "end": { "line": 45, "column": 25 }
      },
      "45": {
        "start": { "line": 46, "column": 0 },
        "end": { "line": 46, "column": 38 }
      },
      "46": {
        "start": { "line": 47, "column": 0 },
        "end": { "line": 47, "column": 45 }
      },
      "47": {
        "start": { "line": 48, "column": 0 },
        "end": { "line": 48, "column": 11 }
      },
      "49": {
        "start": { "line": 50, "column": 0 },
        "end": { "line": 50, "column": 19 }
      },
      "50": {
        "start": { "line": 51, "column": 0 },
        "end": { "line": 51, "column": 14 }
      },
      "52": {
        "start": { "line": 53, "column": 0 },
        "end": { "line": 53, "column": 5 }
      },
      "54": {
        "start": { "line": 55, "column": 0 },
        "end": { "line": 55, "column": 31 }
      },
      "55": {
        "start": { "line": 56, "column": 0 },
        "end": { "line": 56, "column": 3 }
      },
      "56": {
        "start": { "line": 57, "column": 0 },
        "end": { "line": 57, "column": 1 }
      }
    },
    "s": {
      "0": 1,
      "2": 1,
      "14": 1,
      "17": 1,
      "18": 3,
      "19": 3,
      "20": 3,
      "21": 3,
      "22": 3,
      "24": 3,
      "25": 4,
      "26": 4,
      "28": 3,
      "29": 2,
      "30": 2,
      "31": 2,
      "33": 3,
      "34": 1,
      "35": 1,
      "37": 3,
      "38": 11,
      "39": 6,
      "40": 6,
      "41": 6,
      "42": 6,
      "43": 6,
      "44": 6,
      "45": 6,
      "46": 6,
      "47": 6,
      "49": 6,
      "50": 6,
      "52": 6,
      "54": 5,
      "55": 11,
      "56": 3
    },
    "branchMap": {
      "0": {
        "type": "branch",
        "line": 18,
        "loc": {
          "start": { "line": 18, "column": 2 },
          "end": { "line": 57, "column": 1 }
        },
        "locations": [
          {
            "start": { "line": 18, "column": 2 },
            "end": { "line": 57, "column": 1 }
          }
        ]
      },
      "1": {
        "type": "branch",
        "line": 25,
        "loc": {
          "start": { "line": 25, "column": 9 },
          "end": { "line": 27, "column": 3 }
        },
        "locations": [
          {
            "start": { "line": 25, "column": 9 },
            "end": { "line": 27, "column": 3 }
          }
        ]
      },
      "2": {
        "type": "branch",
        "line": 29,
        "loc": {
          "start": { "line": 29, "column": 2 },
          "end": { "line": 32, "column": 3 }
        },
        "locations": [
          {
            "start": { "line": 29, "column": 2 },
            "end": { "line": 32, "column": 3 }
          }
        ]
      },
      "3": {
        "type": "branch",
        "line": 34,
        "loc": {
          "start": { "line": 34, "column": 16 },
          "end": { "line": 36, "column": 4 }
        },
        "locations": [
          {
            "start": { "line": 34, "column": 16 },
            "end": { "line": 36, "column": 4 }
          }
        ]
      },
      "4": {
        "type": "branch",
        "line": 38,
        "loc": {
          "start": { "line": 38, "column": 2 },
          "end": { "line": 56, "column": 3 }
        },
        "locations": [
          {
            "start": { "line": 38, "column": 2 },
            "end": { "line": 56, "column": 3 }
          }
        ]
      },
      "5": {
        "type": "branch",
        "line": 39,
        "loc": {
          "start": { "line": 39, "column": 29 },
          "end": { "line": 53, "column": 5 }
        },
        "locations": [
          {
            "start": { "line": 39, "column": 29 },
            "end": { "line": 53, "column": 5 }
          }
        ]
      },
      "6": {
        "type": "branch",
        "line": 43,
        "loc": {
          "start": { "line": 43, "column": 25 },
          "end": { "line": 43, "column": 51 }
        },
        "locations": [
          {
            "start": { "line": 43, "column": 25 },
            "end": { "line": 43, "column": 51 }
          }
        ]
      },
      "7": {
        "type": "branch",
        "line": 53,
        "loc": {
          "start": { "line": 53, "column": 4 },
          "end": { "line": 55, "column": 31 }
        },
        "locations": [
          {
            "start": { "line": 53, "column": 4 },
            "end": { "line": 55, "column": 31 }
          }
        ]
      }
    },
    "b": {
      "0": [3],
      "1": [4],
      "2": [2],
      "3": [1],
      "4": [11],
      "5": [6],
      "6": [2],
      "7": [5]
    },
    "fnMap": {
      "0": {
        "name": "<instance_members_initializer>",
        "decl": {
          "start": { "line": 18, "column": 2 },
          "end": { "line": 57, "column": 1 }
        },
        "loc": {
          "start": { "line": 18, "column": 2 },
          "end": { "line": 57, "column": 1 }
        },
        "line": 18
      },
      "1": {
        "name": "getDerivedStateFromError",
        "decl": {
          "start": { "line": 25, "column": 9 },
          "end": { "line": 27, "column": 3 }
        },
        "loc": {
          "start": { "line": 25, "column": 9 },
          "end": { "line": 27, "column": 3 }
        },
        "line": 25
      },
      "2": {
        "name": "componentDidCatch",
        "decl": {
          "start": { "line": 29, "column": 2 },
          "end": { "line": 32, "column": 3 }
        },
        "loc": {
          "start": { "line": 29, "column": 2 },
          "end": { "line": 32, "column": 3 }
        },
        "line": 29
      },
      "3": {
        "name": "handleReset",
        "decl": {
          "start": { "line": 34, "column": 16 },
          "end": { "line": 36, "column": 4 }
        },
        "loc": {
          "start": { "line": 34, "column": 16 },
          "end": { "line": 36, "column": 4 }
        },
        "line": 34
      },
      "4": {
        "name": "render",
        "decl": {
          "start": { "line": 38, "column": 2 },
          "end": { "line": 56, "column": 3 }
        },
        "loc": {
          "start": { "line": 38, "column": 2 },
          "end": { "line": 56, "column": 3 }
        },
        "line": 38
      }
    },
    "f": { "0": 3, "1": 4, "2": 2, "3": 1, "4": 11 }
  },
  "D:\\repos\\rs-react-app\\src\\components\\error-message\\error-message.tsx": {
    "path": "D:\\repos\\rs-react-app\\src\\components\\error-message\\error-message.tsx",
    "all": false,
    "statementMap": {
      "0": {
        "start": { "line": 1, "column": 0 },
        "end": { "line": 1, "column": 34 }
      },
      "1": {
        "start": { "line": 2, "column": 0 },
        "end": { "line": 2, "column": 41 }
      },
      "8": {
        "start": { "line": 9, "column": 0 },
        "end": { "line": 9, "column": 64 }
      },
      "9": {
        "start": { "line": 10, "column": 0 },
        "end": { "line": 10, "column": 12 }
      },
      "10": {
        "start": { "line": 11, "column": 0 },
        "end": { "line": 11, "column": 12 }
      },
      "11": {
        "start": { "line": 12, "column": 0 },
        "end": { "line": 12, "column": 47 }
      },
      "12": {
        "start": { "line": 13, "column": 0 },
        "end": { "line": 13, "column": 26 }
      },
      "13": {
        "start": { "line": 14, "column": 0 },
        "end": { "line": 14, "column": 66 }
      },
      "14": {
        "start": { "line": 15, "column": 0 },
        "end": { "line": 15, "column": 12 }
      },
      "16": {
        "start": { "line": 17, "column": 0 },
        "end": { "line": 17, "column": 3 }
      },
      "17": {
        "start": { "line": 18, "column": 0 },
        "end": { "line": 18, "column": 1 }
      }
    },
    "s": {
      "0": 1,
      "1": 1,
      "8": 1,
      "9": 1,
      "10": 2,
      "11": 2,
      "12": 2,
      "13": 2,
      "14": 2,
      "16": 2,
      "17": 1
    },
    "branchMap": {
      "0": {
        "type": "branch",
        "line": 10,
        "loc": {
          "start": { "line": 10, "column": 2 },
          "end": { "line": 17, "column": 3 }
        },
        "locations": [
          {
            "start": { "line": 10, "column": 2 },
            "end": { "line": 17, "column": 3 }
          }
        ]
      }
    },
    "b": { "0": [2] },
    "fnMap": {
      "0": {
        "name": "render",
        "decl": {
          "start": { "line": 10, "column": 2 },
          "end": { "line": 17, "column": 3 }
        },
        "loc": {
          "start": { "line": 10, "column": 2 },
          "end": { "line": 17, "column": 3 }
        },
        "line": 10
      }
    },
    "f": { "0": 2 }
  },
  "D:\\repos\\rs-react-app\\src\\components\\footer\\footer.tsx": {
    "path": "D:\\repos\\rs-react-app\\src\\components\\footer\\footer.tsx",
    "all": false,
    "statementMap": {
      "0": {
        "start": { "line": 1, "column": 0 },
        "end": { "line": 1, "column": 41 }
      },
      "1": {
        "start": { "line": 2, "column": 0 },
        "end": { "line": 2, "column": 48 }
      },
      "3": {
        "start": { "line": 4, "column": 0 },
        "end": { "line": 4, "column": 26 }
      },
      "4": {
        "start": { "line": 5, "column": 0 },
        "end": { "line": 5, "column": 10 }
      },
      "5": {
        "start": { "line": 6, "column": 0 },
        "end": { "line": 6, "column": 38 }
      },
      "6": {
        "start": { "line": 7, "column": 0 },
        "end": { "line": 7, "column": 48 }
      },
      "7": {
        "start": { "line": 8, "column": 0 },
        "end": { "line": 8, "column": 10 }
      },
      "8": {
        "start": { "line": 9, "column": 0 },
        "end": { "line": 9, "column": 46 }
      },
      "9": {
        "start": { "line": 10, "column": 0 },
        "end": { "line": 10, "column": 25 }
      },
      "10": {
        "start": { "line": 11, "column": 0 },
        "end": { "line": 11, "column": 35 }
      },
      "11": {
        "start": { "line": 12, "column": 0 },
        "end": { "line": 12, "column": 43 }
      },
      "12": {
        "start": { "line": 13, "column": 0 },
        "end": { "line": 13, "column": 9 }
      },
      "14": {
        "start": { "line": 15, "column": 0 },
        "end": { "line": 15, "column": 12 }
      },
      "15": {
        "start": { "line": 16, "column": 0 },
        "end": { "line": 16, "column": 27 }
      },
      "17": {
        "start": { "line": 18, "column": 0 },
        "end": { "line": 18, "column": 10 }
      },
      "18": {
        "start": { "line": 19, "column": 0 },
        "end": { "line": 19, "column": 35 }
      },
      "19": {
        "start": { "line": 20, "column": 0 },
        "end": { "line": 20, "column": 25 }
      },
      "20": {
        "start": { "line": 21, "column": 0 },
        "end": { "line": 21, "column": 35 }
      },
      "21": {
        "start": { "line": 22, "column": 0 },
        "end": { "line": 22, "column": 43 }
      },
      "23": {
        "start": { "line": 24, "column": 0 },
        "end": { "line": 24, "column": 78 }
      },
      "24": {
        "start": { "line": 25, "column": 0 },
        "end": { "line": 25, "column": 12 }
      },
      "25": {
        "start": { "line": 26, "column": 0 },
        "end": { "line": 26, "column": 12 }
      },
      "26": {
        "start": { "line": 27, "column": 0 },
        "end": { "line": 27, "column": 13 }
      },
      "28": {
        "start": { "line": 29, "column": 0 },
        "end": { "line": 29, "column": 1 }
      }
    },
    "s": {
      "0": 1,
      "1": 1,
      "3": 1,
      "4": 4,
      "5": 4,
      "6": 4,
      "7": 4,
      "8": 4,
      "9": 4,
      "10": 4,
      "11": 4,
      "12": 4,
      "14": 4,
      "15": 4,
      "17": 4,
      "18": 4,
      "19": 4,
      "20": 4,
      "21": 4,
      "23": 4,
      "24": 4,
      "25": 4,
      "26": 4,
      "28": 4
    },
    "branchMap": {
      "0": {
        "type": "branch",
        "line": 4,
        "loc": {
          "start": { "line": 4, "column": 7 },
          "end": { "line": 29, "column": 1 }
        },
        "locations": [
          {
            "start": { "line": 4, "column": 7 },
            "end": { "line": 29, "column": 1 }
          }
        ]
      }
    },
    "b": { "0": [4] },
    "fnMap": {
      "0": {
        "name": "Footer",
        "decl": {
          "start": { "line": 4, "column": 7 },
          "end": { "line": 29, "column": 1 }
        },
        "loc": {
          "start": { "line": 4, "column": 7 },
          "end": { "line": 29, "column": 1 }
        },
        "line": 4
      }
    },
    "f": { "0": 4 }
  },
  "D:\\repos\\rs-react-app\\src\\components\\header\\header.tsx": {
    "path": "D:\\repos\\rs-react-app\\src\\components\\header\\header.tsx",
    "all": false,
    "statementMap": {
      "0": {
        "start": { "line": 1, "column": 0 },
        "end": { "line": 1, "column": 34 }
      },
      "1": {
        "start": { "line": 2, "column": 0 },
        "end": { "line": 2, "column": 41 }
      },
      "2": {
        "start": { "line": 3, "column": 0 },
        "end": { "line": 3, "column": 47 }
      },
      "4": {
        "start": { "line": 5, "column": 0 },
        "end": { "line": 5, "column": 39 }
      },
      "5": {
        "start": { "line": 6, "column": 0 },
        "end": { "line": 6, "column": 12 }
      },
      "6": {
        "start": { "line": 7, "column": 0 },
        "end": { "line": 7, "column": 12 }
      },
      "7": {
        "start": { "line": 8, "column": 0 },
        "end": { "line": 8, "column": 40 }
      },
      "8": {
        "start": { "line": 9, "column": 0 },
        "end": { "line": 9, "column": 69 }
      },
      "9": {
        "start": { "line": 10, "column": 0 },
        "end": { "line": 10, "column": 73 }
      },
      "10": {
        "start": { "line": 11, "column": 0 },
        "end": { "line": 11, "column": 12 }
      },
      "11": {
        "start": { "line": 12, "column": 0 },
        "end": { "line": 12, "column": 30 }
      },
      "12": {
        "start": { "line": 13, "column": 0 },
        "end": { "line": 13, "column": 15 }
      },
      "14": {
        "start": { "line": 15, "column": 0 },
        "end": { "line": 15, "column": 3 }
      },
      "15": {
        "start": { "line": 16, "column": 0 },
        "end": { "line": 16, "column": 1 }
      }
    },
    "s": {
      "0": 1,
      "1": 1,
      "2": 1,
      "4": 1,
      "5": 1,
      "6": 5,
      "7": 5,
      "8": 5,
      "9": 5,
      "10": 5,
      "11": 5,
      "12": 5,
      "14": 5,
      "15": 1
    },
    "branchMap": {
      "0": {
        "type": "branch",
        "line": 6,
        "loc": {
          "start": { "line": 6, "column": 2 },
          "end": { "line": 15, "column": 3 }
        },
        "locations": [
          {
            "start": { "line": 6, "column": 2 },
            "end": { "line": 15, "column": 3 }
          }
        ]
      }
    },
    "b": { "0": [5] },
    "fnMap": {
      "0": {
        "name": "render",
        "decl": {
          "start": { "line": 6, "column": 2 },
          "end": { "line": 15, "column": 3 }
        },
        "loc": {
          "start": { "line": 6, "column": 2 },
          "end": { "line": 15, "column": 3 }
        },
        "line": 6
      }
    },
    "f": { "0": 5 }
  },
  "D:\\repos\\rs-react-app\\src\\components\\loader\\loader.tsx": {
    "path": "D:\\repos\\rs-react-app\\src\\components\\loader\\loader.tsx",
    "all": false,
    "statementMap": {
      "0": {
        "start": { "line": 1, "column": 0 },
        "end": { "line": 1, "column": 34 }
      },
      "1": {
        "start": { "line": 2, "column": 0 },
        "end": { "line": 2, "column": 41 }
      },
      "3": {
        "start": { "line": 4, "column": 0 },
        "end": { "line": 4, "column": 39 }
      },
      "4": {
        "start": { "line": 5, "column": 0 },
        "end": { "line": 5, "column": 12 }
      },
      "5": {
        "start": { "line": 6, "column": 0 },
        "end": { "line": 6, "column": 12 }
      },
      "6": {
        "start": { "line": 7, "column": 0 },
        "end": { "line": 7, "column": 51 }
      },
      "7": {
        "start": { "line": 8, "column": 0 },
        "end": { "line": 8, "column": 46 }
      },
      "8": {
        "start": { "line": 9, "column": 0 },
        "end": { "line": 9, "column": 77 }
      },
      "9": {
        "start": { "line": 10, "column": 0 },
        "end": { "line": 10, "column": 12 }
      },
      "11": {
        "start": { "line": 12, "column": 0 },
        "end": { "line": 12, "column": 3 }
      },
      "12": {
        "start": { "line": 13, "column": 0 },
        "end": { "line": 13, "column": 1 }
      }
    },
    "s": {
      "0": 1,
      "1": 1,
      "3": 1,
      "4": 1,
      "5": 2,
      "6": 2,
      "7": 2,
      "8": 2,
      "9": 2,
      "11": 2,
      "12": 1
    },
    "branchMap": {
      "0": {
        "type": "branch",
        "line": 5,
        "loc": {
          "start": { "line": 5, "column": 2 },
          "end": { "line": 12, "column": 3 }
        },
        "locations": [
          {
            "start": { "line": 5, "column": 2 },
            "end": { "line": 12, "column": 3 }
          }
        ]
      }
    },
    "b": { "0": [2] },
    "fnMap": {
      "0": {
        "name": "render",
        "decl": {
          "start": { "line": 5, "column": 2 },
          "end": { "line": 12, "column": 3 }
        },
        "loc": {
          "start": { "line": 5, "column": 2 },
          "end": { "line": 12, "column": 3 }
        },
        "line": 5
      }
    },
    "f": { "0": 2 }
  },
  "D:\\repos\\rs-react-app\\src\\components\\main\\main-logic.tsx": {
    "path": "D:\\repos\\rs-react-app\\src\\components\\main\\main-logic.tsx",
    "all": false,
    "statementMap": {
      "0": {
        "start": { "line": 1, "column": 0 },
        "end": { "line": 1, "column": 34 }
      },
      "1": {
        "start": { "line": 2, "column": 0 },
        "end": { "line": 2, "column": 42 }
      },
      "2": {
        "start": { "line": 3, "column": 0 },
        "end": { "line": 3, "column": 48 }
      },
      "3": {
        "start": { "line": 4, "column": 0 },
        "end": { "line": 4, "column": 45 }
      },
      "4": {
        "start": { "line": 5, "column": 0 },
        "end": { "line": 5, "column": 42 }
      },
      "5": {
        "start": { "line": 6, "column": 0 },
        "end": { "line": 6, "column": 42 }
      },
      "6": {
        "start": { "line": 7, "column": 0 },
        "end": { "line": 7, "column": 62 }
      },
      "18": {
        "start": { "line": 19, "column": 0 },
        "end": { "line": 19, "column": 48 }
      },
      "19": {
        "start": { "line": 20, "column": 0 },
        "end": { "line": 20, "column": 12 }
      },
      "20": {
        "start": { "line": 21, "column": 0 },
        "end": { "line": 21, "column": 11 }
      },
      "21": {
        "start": { "line": 22, "column": 0 },
        "end": { "line": 22, "column": 20 }
      },
      "22": {
        "start": { "line": 23, "column": 0 },
        "end": { "line": 23, "column": 14 }
      },
      "23": {
        "start": { "line": 24, "column": 0 },
        "end": { "line": 24, "column": 12 }
      },
      "24": {
        "start": { "line": 25, "column": 0 },
        "end": { "line": 25, "column": 15 }
      },
      "25": {
        "start": { "line": 26, "column": 0 },
        "end": { "line": 26, "column": 22 }
      },
      "26": {
        "start": { "line": 27, "column": 0 },
        "end": { "line": 27, "column": 21 }
      },
      "27": {
        "start": { "line": 28, "column": 0 },
        "end": { "line": 28, "column": 19 }
      },
      "29": {
        "start": { "line": 30, "column": 0 },
        "end": { "line": 30, "column": 12 }
      },
      "30": {
        "start": { "line": 31, "column": 0 },
        "end": { "line": 31, "column": 31 }
      },
      "31": {
        "start": { "line": 32, "column": 0 },
        "end": { "line": 32, "column": 18 }
      },
      "32": {
        "start": { "line": 33, "column": 0 },
        "end": { "line": 33, "column": 40 }
      },
      "33": {
        "start": { "line": 34, "column": 0 },
        "end": { "line": 34, "column": 31 }
      },
      "34": {
        "start": { "line": 35, "column": 0 },
        "end": { "line": 35, "column": 76 }
      },
      "35": {
        "start": { "line": 36, "column": 0 },
        "end": { "line": 36, "column": 74 }
      },
      "36": {
        "start": { "line": 37, "column": 0 },
        "end": { "line": 37, "column": 68 }
      },
      "38": {
        "start": { "line": 39, "column": 0 },
        "end": { "line": 39, "column": 17 }
      },
      "39": {
        "start": { "line": 40, "column": 0 },
        "end": { "line": 40, "column": 18 }
      },
      "40": {
        "start": { "line": 41, "column": 0 },
        "end": { "line": 41, "column": 12 }
      },
      "42": {
        "start": { "line": 43, "column": 0 },
        "end": { "line": 43, "column": 3 }
      },
      "43": {
        "start": { "line": 44, "column": 0 },
        "end": { "line": 44, "column": 1 }
      }
    },
    "s": {
      "0": 1,
      "1": 1,
      "2": 1,
      "3": 1,
      "4": 1,
      "5": 1,
      "6": 1,
      "18": 1,
      "19": 1,
      "20": 3,
      "21": 3,
      "22": 3,
      "23": 3,
      "24": 3,
      "25": 3,
      "26": 3,
      "27": 3,
      "29": 3,
      "30": 3,
      "31": 3,
      "32": 3,
      "33": 3,
      "34": 3,
      "35": 3,
      "36": 3,
      "38": 3,
      "39": 3,
      "40": 3,
      "42": 3,
      "43": 1
    },
    "branchMap": {
      "0": {
        "type": "branch",
        "line": 20,
        "loc": {
          "start": { "line": 20, "column": 2 },
          "end": { "line": 43, "column": 3 }
        },
        "locations": [
          {
            "start": { "line": 20, "column": 2 },
            "end": { "line": 43, "column": 3 }
          }
        ]
      },
      "1": {
        "type": "branch",
        "line": 34,
        "loc": {
          "start": { "line": 34, "column": 9 },
          "end": { "line": 34, "column": 31 }
        },
        "locations": [
          {
            "start": { "line": 34, "column": 9 },
            "end": { "line": 34, "column": 31 }
          }
        ]
      },
      "2": {
        "type": "branch",
        "line": 35,
        "loc": {
          "start": { "line": 35, "column": 9 },
          "end": { "line": 35, "column": 76 }
        },
        "locations": [
          {
            "start": { "line": 35, "column": 9 },
            "end": { "line": 35, "column": 76 }
          }
        ]
      },
      "3": {
        "type": "branch",
        "line": 36,
        "loc": {
          "start": { "line": 36, "column": 10 },
          "end": { "line": 36, "column": 31 }
        },
        "locations": [
          {
            "start": { "line": 36, "column": 10 },
            "end": { "line": 36, "column": 31 }
          }
        ]
      },
      "4": {
        "type": "branch",
        "line": 36,
        "loc": {
          "start": { "line": 36, "column": 22 },
          "end": { "line": 36, "column": 74 }
        },
        "locations": [
          {
            "start": { "line": 36, "column": 22 },
            "end": { "line": 36, "column": 74 }
          }
        ]
      }
    },
    "b": { "0": [3], "1": [1], "2": [1], "3": [2], "4": [1] },
    "fnMap": {
      "0": {
        "name": "render",
        "decl": {
          "start": { "line": 20, "column": 2 },
          "end": { "line": 43, "column": 3 }
        },
        "loc": {
          "start": { "line": 20, "column": 2 },
          "end": { "line": 43, "column": 3 }
        },
        "line": 20
      }
    },
    "f": { "0": 3 }
  },
  "D:\\repos\\rs-react-app\\src\\components\\pokemon-card\\pokemonCard.tsx": {
    "path": "D:\\repos\\rs-react-app\\src\\components\\pokemon-card\\pokemonCard.tsx",
    "all": false,
    "statementMap": {
      "0": {
        "start": { "line": 1, "column": 0 },
        "end": { "line": 1, "column": 34 }
      },
      "1": {
        "start": { "line": 2, "column": 0 },
        "end": { "line": 2, "column": 41 }
      },
      "8": {
        "start": { "line": 9, "column": 0 },
        "end": { "line": 9, "column": 62 }
      },
      "9": {
        "start": { "line": 10, "column": 0 },
        "end": { "line": 10, "column": 12 }
      },
      "10": {
        "start": { "line": 11, "column": 0 },
        "end": { "line": 11, "column": 35 }
      },
      "11": {
        "start": { "line": 12, "column": 0 },
        "end": { "line": 12, "column": 12 }
      },
      "12": {
        "start": { "line": 13, "column": 0 },
        "end": { "line": 13, "column": 35 }
      },
      "13": {
        "start": { "line": 14, "column": 0 },
        "end": { "line": 14, "column": 12 }
      },
      "14": {
        "start": { "line": 15, "column": 0 },
        "end": { "line": 15, "column": 45 }
      },
      "15": {
        "start": { "line": 16, "column": 0 },
        "end": { "line": 16, "column": 28 }
      },
      "16": {
        "start": { "line": 17, "column": 0 },
        "end": { "line": 17, "column": 34 }
      },
      "17": {
        "start": { "line": 18, "column": 0 },
        "end": { "line": 18, "column": 10 }
      },
      "18": {
        "start": { "line": 19, "column": 0 },
        "end": { "line": 19, "column": 55 }
      },
      "19": {
        "start": { "line": 20, "column": 0 },
        "end": { "line": 20, "column": 44 }
      },
      "20": {
        "start": { "line": 21, "column": 0 },
        "end": { "line": 21, "column": 55 }
      },
      "21": {
        "start": { "line": 22, "column": 0 },
        "end": { "line": 22, "column": 74 }
      },
      "22": {
        "start": { "line": 23, "column": 0 },
        "end": { "line": 23, "column": 75 }
      },
      "23": {
        "start": { "line": 24, "column": 0 },
        "end": { "line": 24, "column": 14 }
      },
      "24": {
        "start": { "line": 25, "column": 0 },
        "end": { "line": 25, "column": 12 }
      },
      "26": {
        "start": { "line": 27, "column": 0 },
        "end": { "line": 27, "column": 3 }
      },
      "27": {
        "start": { "line": 28, "column": 0 },
        "end": { "line": 28, "column": 1 }
      }
    },
    "s": {
      "0": 1,
      "1": 1,
      "8": 1,
      "9": 1,
      "10": 2,
      "11": 2,
      "12": 2,
      "13": 2,
      "14": 2,
      "15": 2,
      "16": 2,
      "17": 2,
      "18": 2,
      "19": 2,
      "20": 2,
      "21": 2,
      "22": 2,
      "23": 2,
      "24": 2,
      "26": 2,
      "27": 1
    },
    "branchMap": {
      "0": {
        "type": "branch",
        "line": 10,
        "loc": {
          "start": { "line": 10, "column": 2 },
          "end": { "line": 27, "column": 3 }
        },
        "locations": [
          {
            "start": { "line": 10, "column": 2 },
            "end": { "line": 27, "column": 3 }
          }
        ]
      }
    },
    "b": { "0": [2] },
    "fnMap": {
      "0": {
        "name": "render",
        "decl": {
          "start": { "line": 10, "column": 2 },
          "end": { "line": 27, "column": 3 }
        },
        "loc": {
          "start": { "line": 10, "column": 2 },
          "end": { "line": 27, "column": 3 }
        },
        "line": 10
      }
    },
    "f": { "0": 2 }
  },
  "D:\\repos\\rs-react-app\\src\\components\\results\\results.tsx": {
    "path": "D:\\repos\\rs-react-app\\src\\components\\results\\results.tsx",
    "all": false,
    "statementMap": {
      "0": {
        "start": { "line": 1, "column": 0 },
        "end": { "line": 1, "column": 34 }
      },
      "1": {
        "start": { "line": 2, "column": 0 },
        "end": { "line": 2, "column": 41 }
      },
      "3": {
        "start": { "line": 4, "column": 0 },
        "end": { "line": 4, "column": 58 }
      },
      "14": {
        "start": { "line": 15, "column": 0 },
        "end": { "line": 15, "column": 68 }
      },
      "15": {
        "start": { "line": 16, "column": 0 },
        "end": { "line": 16, "column": 25 }
      },
      "16": {
        "start": { "line": 17, "column": 0 },
        "end": { "line": 17, "column": 23 }
      },
      "17": {
        "start": { "line": 18, "column": 0 },
        "end": { "line": 18, "column": 19 }
      },
      "18": {
        "start": { "line": 19, "column": 0 },
        "end": { "line": 19, "column": 4 }
      },
      "20": {
        "start": { "line": 21, "column": 0 },
        "end": { "line": 21, "column": 23 }
      },
      "21": {
        "start": { "line": 22, "column": 0 },
        "end": { "line": 22, "column": 36 }
      },
      "22": {
        "start": { "line": 23, "column": 0 },
        "end": { "line": 23, "column": 29 }
      },
      "23": {
        "start": { "line": 24, "column": 0 },
        "end": { "line": 24, "column": 5 }
      },
      "24": {
        "start": { "line": 25, "column": 0 },
        "end": { "line": 25, "column": 3 }
      },
      "26": {
        "start": { "line": 27, "column": 0 },
        "end": { "line": 27, "column": 47 }
      },
      "27": {
        "start": { "line": 28, "column": 0 },
        "end": { "line": 28, "column": 65 }
      },
      "28": {
        "start": { "line": 29, "column": 0 },
        "end": { "line": 29, "column": 29 }
      },
      "29": {
        "start": { "line": 30, "column": 0 },
        "end": { "line": 30, "column": 5 }
      },
      "30": {
        "start": { "line": 31, "column": 0 },
        "end": { "line": 31, "column": 3 }
      },
      "32": {
        "start": { "line": 33, "column": 0 },
        "end": { "line": 33, "column": 27 }
      },
      "33": {
        "start": { "line": 34, "column": 0 },
        "end": { "line": 34, "column": 43 }
      },
      "35": {
        "start": { "line": 36, "column": 0 },
        "end": { "line": 36, "column": 51 }
      },
      "36": {
        "start": { "line": 37, "column": 0 },
        "end": { "line": 37, "column": 71 }
      },
      "37": {
        "start": { "line": 38, "column": 0 },
        "end": { "line": 38, "column": 12 }
      },
      "38": {
        "start": { "line": 39, "column": 0 },
        "end": { "line": 39, "column": 69 }
      },
      "39": {
        "start": { "line": 40, "column": 0 },
        "end": { "line": 40, "column": 5 }
      },
      "40": {
        "start": { "line": 41, "column": 0 },
        "end": { "line": 41, "column": 4 }
      },
      "42": {
        "start": { "line": 43, "column": 0 },
        "end": { "line": 43, "column": 66 }
      },
      "43": {
        "start": { "line": 44, "column": 0 },
        "end": { "line": 44, "column": 37 }
      },
      "45": {
        "start": { "line": 46, "column": 0 },
        "end": { "line": 46, "column": 9 }
      },
      "46": {
        "start": { "line": 47, "column": 0 },
        "end": { "line": 47, "column": 40 }
      },
      "47": {
        "start": { "line": 48, "column": 0 },
        "end": { "line": 48, "column": 44 }
      },
      "48": {
        "start": { "line": 49, "column": 0 },
        "end": { "line": 49, "column": 52 }
      },
      "49": {
        "start": { "line": 50, "column": 0 },
        "end": { "line": 50, "column": 39 }
      },
      "50": {
        "start": { "line": 51, "column": 0 },
        "end": { "line": 51, "column": 10 }
      },
      "51": {
        "start": { "line": 52, "column": 0 },
        "end": { "line": 52, "column": 8 }
      },
      "53": {
        "start": { "line": 54, "column": 0 },
        "end": { "line": 54, "column": 49 }
      },
      "54": {
        "start": { "line": 55, "column": 0 },
        "end": { "line": 55, "column": 21 }
      },
      "55": {
        "start": { "line": 56, "column": 0 },
        "end": { "line": 56, "column": 61 }
      },
      "56": {
        "start": { "line": 57, "column": 0 },
        "end": { "line": 57, "column": 15 }
      },
      "57": {
        "start": { "line": 58, "column": 0 },
        "end": { "line": 58, "column": 40 }
      },
      "58": {
        "start": { "line": 59, "column": 0 },
        "end": { "line": 59, "column": 5 }
      },
      "59": {
        "start": { "line": 60, "column": 0 },
        "end": { "line": 60, "column": 4 }
      },
      "61": {
        "start": { "line": 62, "column": 0 },
        "end": { "line": 62, "column": 12 }
      },
      "62": {
        "start": { "line": 63, "column": 0 },
        "end": { "line": 63, "column": 42 }
      },
      "63": {
        "start": { "line": 64, "column": 0 },
        "end": { "line": 64, "column": 51 }
      },
      "65": {
        "start": { "line": 66, "column": 0 },
        "end": { "line": 66, "column": 26 }
      },
      "66": {
        "start": { "line": 67, "column": 0 },
        "end": { "line": 67, "column": 66 }
      },
      "67": {
        "start": { "line": 68, "column": 0 },
        "end": { "line": 68, "column": 5 }
      },
      "69": {
        "start": { "line": 70, "column": 0 },
        "end": { "line": 70, "column": 18 }
      },
      "70": {
        "start": { "line": 71, "column": 0 },
        "end": { "line": 71, "column": 78 }
      },
      "71": {
        "start": { "line": 72, "column": 0 },
        "end": { "line": 72, "column": 5 }
      },
      "73": {
        "start": { "line": 74, "column": 0 },
        "end": { "line": 74, "column": 12 }
      },
      "74": {
        "start": { "line": 75, "column": 0 },
        "end": { "line": 75, "column": 38 }
      },
      "75": {
        "start": { "line": 76, "column": 0 },
        "end": { "line": 76, "column": 48 }
      },
      "76": {
        "start": { "line": 77, "column": 0 },
        "end": { "line": 77, "column": 44 }
      },
      "77": {
        "start": { "line": 78, "column": 0 },
        "end": { "line": 78, "column": 62 }
      },
      "78": {
        "start": { "line": 79, "column": 0 },
        "end": { "line": 79, "column": 13 }
      },
      "79": {
        "start": { "line": 80, "column": 0 },
        "end": { "line": 80, "column": 14 }
      },
      "80": {
        "start": { "line": 81, "column": 0 },
        "end": { "line": 81, "column": 12 }
      },
      "82": {
        "start": { "line": 83, "column": 0 },
        "end": { "line": 83, "column": 3 }
      },
      "83": {
        "start": { "line": 84, "column": 0 },
        "end": { "line": 84, "column": 1 }
      }
    },
    "s": {
      "0": 1,
      "1": 1,
      "3": 1,
      "14": 1,
      "15": 5,
      "16": 5,
      "17": 5,
      "18": 5,
      "20": 5,
      "21": 5,
      "22": 3,
      "23": 3,
      "24": 5,
      "26": 5,
      "27": 4,
      "28": 0,
      "29": 0,
      "30": 4,
      "32": 5,
      "33": 3,
      "35": 3,
      "36": 2,
      "37": 3,
      "38": 1,
      "39": 1,
      "40": 3,
      "42": 5,
      "43": 2,
      "45": 2,
      "46": 2,
      "47": 2,
      "48": 2,
      "49": 1,
      "50": 2,
      "51": 2,
      "53": 0,
      "54": 2,
      "55": 2,
      "56": 2,
      "57": 2,
      "58": 2,
      "59": 2,
      "61": 5,
      "62": 9,
      "63": 9,
      "65": 9,
      "66": 2,
      "67": 2,
      "69": 8,
      "70": 2,
      "71": 2,
      "73": 5,
      "74": 5,
      "75": 5,
      "76": 5,
      "77": 1,
      "78": 5,
      "79": 5,
      "80": 5,
      "82": 9,
      "83": 5
    },
    "branchMap": {
      "0": {
        "type": "branch",
        "line": 15,
        "loc": {
          "start": { "line": 15, "column": 67 },
          "end": { "line": 84, "column": 1 }
        },
        "locations": [
          {
            "start": { "line": 15, "column": 67 },
            "end": { "line": 84, "column": 1 }
          }
        ]
      },
      "1": {
        "type": "branch",
        "line": 21,
        "loc": {
          "start": { "line": 21, "column": 2 },
          "end": { "line": 25, "column": 3 }
        },
        "locations": [
          {
            "start": { "line": 21, "column": 2 },
            "end": { "line": 25, "column": 3 }
          }
        ]
      },
      "2": {
        "type": "branch",
        "line": 22,
        "loc": {
          "start": { "line": 22, "column": 35 },
          "end": { "line": 24, "column": 5 }
        },
        "locations": [
          {
            "start": { "line": 22, "column": 35 },
            "end": { "line": 24, "column": 5 }
          }
        ]
      },
      "3": {
        "type": "branch",
        "line": 27,
        "loc": {
          "start": { "line": 27, "column": 2 },
          "end": { "line": 31, "column": 3 }
        },
        "locations": [
          {
            "start": { "line": 27, "column": 2 },
            "end": { "line": 31, "column": 3 }
          }
        ]
      },
      "4": {
        "type": "branch",
        "line": 28,
        "loc": {
          "start": { "line": 28, "column": 64 },
          "end": { "line": 30, "column": 5 }
        },
        "locations": [
          {
            "start": { "line": 28, "column": 64 },
            "end": { "line": 30, "column": 5 }
          }
        ]
      },
      "5": {
        "type": "branch",
        "line": 33,
        "loc": {
          "start": { "line": 33, "column": 20 },
          "end": { "line": 41, "column": 4 }
        },
        "locations": [
          {
            "start": { "line": 33, "column": 20 },
            "end": { "line": 41, "column": 4 }
          }
        ]
      },
      "6": {
        "type": "branch",
        "line": 34,
        "loc": {
          "start": { "line": 34, "column": 36 },
          "end": { "line": 34, "column": 43 }
        },
        "locations": [
          {
            "start": { "line": 34, "column": 36 },
            "end": { "line": 34, "column": 43 }
          }
        ]
      },
      "7": {
        "type": "branch",
        "line": 36,
        "loc": {
          "start": { "line": 36, "column": 50 },
          "end": { "line": 38, "column": 11 }
        },
        "locations": [
          {
            "start": { "line": 36, "column": 50 },
            "end": { "line": 38, "column": 11 }
          }
        ]
      },
      "8": {
        "type": "branch",
        "line": 38,
        "loc": {
          "start": { "line": 38, "column": 4 },
          "end": { "line": 40, "column": 5 }
        },
        "locations": [
          {
            "start": { "line": 38, "column": 4 },
            "end": { "line": 40, "column": 5 }
          }
        ]
      },
      "9": {
        "type": "branch",
        "line": 43,
        "loc": {
          "start": { "line": 43, "column": 23 },
          "end": { "line": 60, "column": 4 }
        },
        "locations": [
          {
            "start": { "line": 43, "column": 23 },
            "end": { "line": 60, "column": 4 }
          }
        ]
      },
      "10": {
        "type": "branch",
        "line": 52,
        "loc": {
          "start": { "line": 52, "column": 6 },
          "end": { "line": 55, "column": 13 }
        },
        "locations": [
          {
            "start": { "line": 52, "column": 6 },
            "end": { "line": 55, "column": 13 }
          }
        ]
      },
      "11": {
        "type": "branch",
        "line": 48,
        "loc": {
          "start": { "line": 48, "column": 24 },
          "end": { "line": 51, "column": 9 }
        },
        "locations": [
          {
            "start": { "line": 48, "column": 24 },
            "end": { "line": 51, "column": 9 }
          }
        ]
      },
      "12": {
        "type": "branch",
        "line": 49,
        "loc": {
          "start": { "line": 49, "column": 50 },
          "end": { "line": 50, "column": 39 }
        },
        "locations": [
          {
            "start": { "line": 49, "column": 50 },
            "end": { "line": 50, "column": 39 }
          }
        ]
      },
      "13": {
        "type": "branch",
        "line": 62,
        "loc": {
          "start": { "line": 62, "column": 2 },
          "end": { "line": 83, "column": 3 }
        },
        "locations": [
          {
            "start": { "line": 62, "column": 2 },
            "end": { "line": 83, "column": 3 }
          }
        ]
      },
      "14": {
        "type": "branch",
        "line": 66,
        "loc": {
          "start": { "line": 66, "column": 25 },
          "end": { "line": 68, "column": 5 }
        },
        "locations": [
          {
            "start": { "line": 66, "column": 25 },
            "end": { "line": 68, "column": 5 }
          }
        ]
      },
      "15": {
        "type": "branch",
        "line": 68,
        "loc": {
          "start": { "line": 68, "column": 4 },
          "end": { "line": 81, "column": 12 }
        },
        "locations": [
          {
            "start": { "line": 68, "column": 4 },
            "end": { "line": 81, "column": 12 }
          }
        ]
      },
      "16": {
        "type": "branch",
        "line": 68,
        "loc": {
          "start": { "line": 68, "column": 4 },
          "end": { "line": 70, "column": 17 }
        },
        "locations": [
          {
            "start": { "line": 68, "column": 4 },
            "end": { "line": 70, "column": 17 }
          }
        ]
      },
      "17": {
        "type": "branch",
        "line": 70,
        "loc": {
          "start": { "line": 70, "column": 17 },
          "end": { "line": 72, "column": 5 }
        },
        "locations": [
          {
            "start": { "line": 70, "column": 17 },
            "end": { "line": 72, "column": 5 }
          }
        ]
      },
      "18": {
        "type": "branch",
        "line": 72,
        "loc": {
          "start": { "line": 72, "column": 4 },
          "end": { "line": 81, "column": 12 }
        },
        "locations": [
          {
            "start": { "line": 72, "column": 4 },
            "end": { "line": 81, "column": 12 }
          }
        ]
      },
      "19": {
        "type": "branch",
        "line": 77,
        "loc": {
          "start": { "line": 77, "column": 30 },
          "end": { "line": 78, "column": 62 }
        },
        "locations": [
          {
            "start": { "line": 77, "column": 30 },
            "end": { "line": 78, "column": 62 }
          }
        ]
      }
    },
    "b": {
      "0": [5],
      "1": [5],
      "2": [3],
      "3": [4],
      "4": [0],
      "5": [3],
      "6": [0],
      "7": [2],
      "8": [1],
      "9": [2],
      "10": [0],
      "11": [2],
      "12": [1],
      "13": [9],
      "14": [2],
      "15": [8],
      "16": [7],
      "17": [2],
      "18": [5],
      "19": [1]
    },
    "fnMap": {
      "0": {
        "name": "<instance_members_initializer>",
        "decl": {
          "start": { "line": 15, "column": 67 },
          "end": { "line": 84, "column": 1 }
        },
        "loc": {
          "start": { "line": 15, "column": 67 },
          "end": { "line": 84, "column": 1 }
        },
        "line": 15
      },
      "1": {
        "name": "componentDidMount",
        "decl": {
          "start": { "line": 21, "column": 2 },
          "end": { "line": 25, "column": 3 }
        },
        "loc": {
          "start": { "line": 21, "column": 2 },
          "end": { "line": 25, "column": 3 }
        },
        "line": 21
      },
      "2": {
        "name": "componentDidUpdate",
        "decl": {
          "start": { "line": 27, "column": 2 },
          "end": { "line": 31, "column": 3 }
        },
        "loc": {
          "start": { "line": 27, "column": 2 },
          "end": { "line": 31, "column": 3 }
        },
        "line": 27
      },
      "3": {
        "name": "loadInitialData",
        "decl": {
          "start": { "line": 33, "column": 20 },
          "end": { "line": 41, "column": 4 }
        },
        "loc": {
          "start": { "line": 33, "column": 20 },
          "end": { "line": 41, "column": 4 }
        },
        "line": 33
      },
      "4": {
        "name": "loadPokemonDetails",
        "decl": {
          "start": { "line": 43, "column": 23 },
          "end": { "line": 60, "column": 4 }
        },
        "loc": {
          "start": { "line": 43, "column": 23 },
          "end": { "line": 60, "column": 4 }
        },
        "line": 43
      },
      "5": {
        "name": "render",
        "decl": {
          "start": { "line": 62, "column": 2 },
          "end": { "line": 83, "column": 3 }
        },
        "loc": {
          "start": { "line": 62, "column": 2 },
          "end": { "line": 83, "column": 3 }
        },
        "line": 62
      }
    },
    "f": { "0": 5, "1": 5, "2": 4, "3": 3, "4": 2, "5": 9 }
  }
}
